Command line invocation:
    /Applications/Xcode.app/Contents/Developer/usr/bin/xcodebuild -project RGB2GIF2VOXEL.xcodeproj -scheme RGB2GIF2VOXEL -sdk iphoneos -configuration Debug -derivedDataPath build CODE_SIGN_IDENTITY= CODE_SIGNING_REQUIRED=NO CODE_SIGNING_ALLOWED=NO build

Build settings from command line:
    CODE_SIGN_IDENTITY = 
    CODE_SIGNING_ALLOWED = NO
    CODE_SIGNING_REQUIRED = NO
    SDKROOT = iphoneos26.0

2025-09-21 16:01:07.929 xcodebuild[46732:151702] [MT] IDERunDestination: Supported platforms for the buildables in the current scheme is empty.
--- xcodebuild: WARNING: Using the first of multiple matching destinations:
{ platform:iOS, id:dvtdevice-DVTiPhonePlaceholder-iphoneos:placeholder, name:Any iOS Device }
{ platform:macOS, arch:arm64, id:00006034-000470D20144001C, name:My Mac }
{ platform:macOS, arch:x86_64, id:00006034-000470D20144001C, name:My Mac }
{ platform:iOS Simulator, id:dvtdevice-DVTiOSDeviceSimulatorPlaceholder-iphonesimulator:placeholder, name:Any iOS Simulator Device }
{ platform:macOS, name:Any Mac }
{ platform:iOS Simulator, arch:arm64, id:F9EA05C5-B8C3-4A97-897E-542809341441, OS:26.0, name:iPad (A16) }
{ platform:iOS Simulator, arch:arm64, id:76CED61B-F4CD-4078-A4AC-769BBED7F694, OS:26.0, name:iPad Air 11-inch (M3) }
{ platform:iOS Simulator, arch:arm64, id:F29E72C7-203A-4FB8-8180-B8BAA6D7853F, OS:26.0, name:iPad Air 13-inch (M3) }
{ platform:iOS Simulator, arch:arm64, id:94B3C5CF-13A8-40E9-9898-11CE417E4932, OS:26.0, name:iPad Pro 11-inch (M4) }
{ platform:iOS Simulator, arch:arm64, id:D949B90D-0519-4F91-A895-B6176BF48AC1, OS:26.0, name:iPad Pro 13-inch (M4) }
{ platform:iOS Simulator, arch:arm64, id:1FD30AE1-EA13-41D3-906A-49DBAE5E56B4, OS:26.0, name:iPad mini (A17 Pro) }
{ platform:iOS Simulator, arch:arm64, id:9C25D4AB-B683-4867-8F18-98DA64612F70, OS:26.0, name:iPhone 16e }
{ platform:iOS Simulator, arch:arm64, id:25DC7AD2-98DF-476B-856F-1249BF9DB915, OS:26.0, name:iPhone 17 }
{ platform:iOS Simulator, arch:arm64, id:40AF5937-BB2D-4759-A6F2-D43B640F17A5, OS:26.0, name:iPhone 17 Pro }
{ platform:iOS Simulator, arch:arm64, id:42551329-3F90-4D0F-B41F-CC57EE7811C2, OS:26.0, name:iPhone 17 Pro Max }
{ platform:iOS Simulator, arch:arm64, id:A03C2A36-C145-48E3-90CC-6CC4759D5CB9, OS:26.0, name:iPhone Air }
{ platform:iOS, arch:arm64, id:00008150-00113DCA0280401C, name:iPhone }
note: Using codesigning identity override: 
ComputePackagePrebuildTargetDependencyGraph

Prepare packages

CreateBuildRequest

SendProjectDescription

CreateBuildOperation

ComputeTargetDependencyGraph
note: Building targets in dependency order
note: Target dependency graph (1 target)
    Target 'RGB2GIF2VOXEL' in project 'RGB2GIF2VOXEL' (no dependencies)

GatherProvisioningInputs

CreateBuildDescription

ExecuteExternalTool /Applications/Xcode.app/Contents/Developer/Toolchains/XcodeDefault.xctoolchain/usr/bin/clang -v -E -dM -isysroot /Applications/Xcode.app/Contents/Developer/Platforms/iPhoneOS.platform/Developer/SDKs/iPhoneOS26.0.sdk -x c -c /dev/null

ExecuteExternalTool /Applications/Xcode.app/Contents/Developer/usr/bin/actool --print-asset-tag-combinations --output-format xml1 /Users/daniel/Documents/RGB2GIF2VOXEL/RGB2GIF2VOXEL/Assets.xcassets

ExecuteExternalTool /Applications/Xcode.app/Contents/Developer/usr/bin/actool --version --output-format xml1

ExecuteExternalTool /Applications/Xcode.app/Contents/Developer/Toolchains/XcodeDefault.xctoolchain/usr/bin/swiftc --version

ExecuteExternalTool /Applications/Xcode.app/Contents/Developer/Toolchains/XcodeDefault.xctoolchain/usr/bin/ld -version_details

Build description signature: ca87cbbe7becd8f59afa6bbd6fd8872f
Build description path: /Users/daniel/Documents/RGB2GIF2VOXEL/build/Build/Intermediates.noindex/XCBuildData/ca87cbbe7becd8f59afa6bbd6fd8872f.xcbuilddata
ClangStatCache /Applications/Xcode.app/Contents/Developer/Toolchains/XcodeDefault.xctoolchain/usr/bin/clang-stat-cache /Applications/Xcode.app/Contents/Developer/Platforms/iPhoneOS.platform/Developer/SDKs/iPhoneOS26.0.sdk /Users/daniel/Documents/RGB2GIF2VOXEL/build/SDKStatCaches.noindex/iphoneos26.0-23A339-81ce72e5b06c9602b9d30b56f2eed08a.sdkstatcache
    cd /Users/daniel/Documents/RGB2GIF2VOXEL/RGB2GIF2VOXEL.xcodeproj
    /Applications/Xcode.app/Contents/Developer/Toolchains/XcodeDefault.xctoolchain/usr/bin/clang-stat-cache /Applications/Xcode.app/Contents/Developer/Platforms/iPhoneOS.platform/Developer/SDKs/iPhoneOS26.0.sdk -o /Users/daniel/Documents/RGB2GIF2VOXEL/build/SDKStatCaches.noindex/iphoneos26.0-23A339-81ce72e5b06c9602b9d30b56f2eed08a.sdkstatcache

ProcessInfoPlistFile /Users/daniel/Documents/RGB2GIF2VOXEL/build/Build/Products/Debug-iphoneos/RGB2GIF2VOXEL.app/Info.plist /Users/daniel/Documents/RGB2GIF2VOXEL/build/Build/Intermediates.noindex/RGB2GIF2VOXEL.build/Debug-iphoneos/RGB2GIF2VOXEL.build/empty-RGB2GIF2VOXEL.plist (in target 'RGB2GIF2VOXEL' from project 'RGB2GIF2VOXEL')
    cd /Users/daniel/Documents/RGB2GIF2VOXEL
    builtin-infoPlistUtility /Users/daniel/Documents/RGB2GIF2VOXEL/build/Build/Intermediates.noindex/RGB2GIF2VOXEL.build/Debug-iphoneos/RGB2GIF2VOXEL.build/empty-RGB2GIF2VOXEL.plist -producttype com.apple.product-type.application -genpkginfo /Users/daniel/Documents/RGB2GIF2VOXEL/build/Build/Products/Debug-iphoneos/RGB2GIF2VOXEL.app/PkgInfo -expandbuildsettings -format binary -platform iphoneos -additionalcontentfile /Users/daniel/Documents/RGB2GIF2VOXEL/build/Build/Intermediates.noindex/RGB2GIF2VOXEL.build/Debug-iphoneos/RGB2GIF2VOXEL.build/assetcatalog_generated_info.plist -requiredArchitecture arm64 -o /Users/daniel/Documents/RGB2GIF2VOXEL/build/Build/Products/Debug-iphoneos/RGB2GIF2VOXEL.app/Info.plist

SwiftDriver RGB2GIF2VOXEL normal arm64 com.apple.xcode.tools.swift.compiler (in target 'RGB2GIF2VOXEL' from project 'RGB2GIF2VOXEL')
    cd /Users/daniel/Documents/RGB2GIF2VOXEL
    builtin-SwiftDriver -- /Applications/Xcode.app/Contents/Developer/Toolchains/XcodeDefault.xctoolchain/usr/bin/swiftc -module-name RGB2GIF2VOXEL -Onone -enforce-exclusivity\=checked @/Users/daniel/Documents/RGB2GIF2VOXEL/build/Build/Intermediates.noindex/RGB2GIF2VOXEL.build/Debug-iphoneos/RGB2GIF2VOXEL.build/Objects-normal/arm64/RGB2GIF2VOXEL.SwiftFileList -DDEBUG -default-isolation\=MainActor -enable-bare-slash-regex -enable-upcoming-feature DisableOutwardActorInference -enable-upcoming-feature InferSendableFromCaptures -enable-upcoming-feature GlobalActorIsolatedTypesUsability -enable-upcoming-feature MemberImportVisibility -enable-upcoming-feature InferIsolatedConformances -enable-upcoming-feature NonisolatedNonsendingByDefault -enable-experimental-feature DebugDescriptionMacro -sdk /Applications/Xcode.app/Contents/Developer/Platforms/iPhoneOS.platform/Developer/SDKs/iPhoneOS26.0.sdk -target arm64-apple-ios26.0 -g -module-cache-path /Users/daniel/Documents/RGB2GIF2VOXEL/build/ModuleCache.noindex -Xfrontend -serialize-debugging-options -enable-testing -index-store-path /Users/daniel/Documents/RGB2GIF2VOXEL/build/Index.noindex/DataStore -Xcc -D_LIBCPP_HARDENING_MODE\=_LIBCPP_HARDENING_MODE_DEBUG -swift-version 5 -I /Users/daniel/Documents/RGB2GIF2VOXEL/build/Build/Products/Debug-iphoneos -F /Users/daniel/Documents/RGB2GIF2VOXEL/build/Build/Products/Debug-iphoneos -emit-localized-strings -emit-localized-strings-path /Users/daniel/Documents/RGB2GIF2VOXEL/build/Build/Intermediates.noindex/RGB2GIF2VOXEL.build/Debug-iphoneos/RGB2GIF2VOXEL.build/Objects-normal/arm64 -c -j14 -enable-batch-mode -incremental -Xcc -ivfsstatcache -Xcc /Users/daniel/Documents/RGB2GIF2VOXEL/build/SDKStatCaches.noindex/iphoneos26.0-23A339-81ce72e5b06c9602b9d30b56f2eed08a.sdkstatcache -output-file-map /Users/daniel/Documents/RGB2GIF2VOXEL/build/Build/Intermediates.noindex/RGB2GIF2VOXEL.build/Debug-iphoneos/RGB2GIF2VOXEL.build/Objects-normal/arm64/RGB2GIF2VOXEL-OutputFileMap.json -use-frontend-parseable-output -save-temps -no-color-diagnostics -explicit-module-build -module-cache-path /Users/daniel/Documents/RGB2GIF2VOXEL/build/Build/Intermediates.noindex/SwiftExplicitPrecompiledModules -clang-scanner-module-cache-path /Users/daniel/Documents/RGB2GIF2VOXEL/build/ModuleCache.noindex -sdk-module-cache-path /Users/daniel/Documents/RGB2GIF2VOXEL/build/ModuleCache.noindex -serialize-diagnostics -emit-dependencies -emit-module -emit-module-path /Users/daniel/Documents/RGB2GIF2VOXEL/build/Build/Intermediates.noindex/RGB2GIF2VOXEL.build/Debug-iphoneos/RGB2GIF2VOXEL.build/Objects-normal/arm64/RGB2GIF2VOXEL.swiftmodule -validate-clang-modules-once -clang-build-session-file /Users/daniel/Documents/RGB2GIF2VOXEL/build/ModuleCache.noindex/Session.modulevalidation -Xcc -I/Users/daniel/Documents/RGB2GIF2VOXEL/build/Build/Intermediates.noindex/RGB2GIF2VOXEL.build/Debug-iphoneos/RGB2GIF2VOXEL.build/swift-overrides.hmap -emit-const-values -Xfrontend -const-gather-protocols-file -Xfrontend /Users/daniel/Documents/RGB2GIF2VOXEL/build/Build/Intermediates.noindex/RGB2GIF2VOXEL.build/Debug-iphoneos/RGB2GIF2VOXEL.build/Objects-normal/arm64/RGB2GIF2VOXEL_const_extract_protocols.json -Xcc -iquote -Xcc /Users/daniel/Documents/RGB2GIF2VOXEL/build/Build/Intermediates.noindex/RGB2GIF2VOXEL.build/Debug-iphoneos/RGB2GIF2VOXEL.build/RGB2GIF2VOXEL-generated-files.hmap -Xcc -I/Users/daniel/Documents/RGB2GIF2VOXEL/build/Build/Intermediates.noindex/RGB2GIF2VOXEL.build/Debug-iphoneos/RGB2GIF2VOXEL.build/RGB2GIF2VOXEL-own-target-headers.hmap -Xcc -I/Users/daniel/Documents/RGB2GIF2VOXEL/build/Build/Intermediates.noindex/RGB2GIF2VOXEL.build/Debug-iphoneos/RGB2GIF2VOXEL.build/RGB2GIF2VOXEL-all-target-headers.hmap -Xcc -iquote -Xcc /Users/daniel/Documents/RGB2GIF2VOXEL/build/Build/Intermediates.noindex/RGB2GIF2VOXEL.build/Debug-iphoneos/RGB2GIF2VOXEL.build/RGB2GIF2VOXEL-project-headers.hmap -Xcc -I/Users/daniel/Documents/RGB2GIF2VOXEL/build/Build/Products/Debug-iphoneos/include -Xcc -I/Users/daniel/Documents/RGB2GIF2VOXEL/build/Build/Intermediates.noindex/RGB2GIF2VOXEL.build/Debug-iphoneos/RGB2GIF2VOXEL.build/DerivedSources-normal/arm64 -Xcc -I/Users/daniel/Documents/RGB2GIF2VOXEL/build/Build/Intermediates.noindex/RGB2GIF2VOXEL.build/Debug-iphoneos/RGB2GIF2VOXEL.build/DerivedSources/arm64 -Xcc -I/Users/daniel/Documents/RGB2GIF2VOXEL/build/Build/Intermediates.noindex/RGB2GIF2VOXEL.build/Debug-iphoneos/RGB2GIF2VOXEL.build/DerivedSources -Xcc -DDEBUG\=1 -emit-objc-header -emit-objc-header-path /Users/daniel/Documents/RGB2GIF2VOXEL/build/Build/Intermediates.noindex/RGB2GIF2VOXEL.build/Debug-iphoneos/RGB2GIF2VOXEL.build/Objects-normal/arm64/RGB2GIF2VOXEL-Swift.h -working-directory /Users/daniel/Documents/RGB2GIF2VOXEL -experimental-emit-module-separately -disable-cmo

SwiftCompile normal arm64 Compiling\ CanonicalRustFFI.swift,\ GIF89aEncoderStub.swift,\ RustFFI.swift,\ UIUXArchitectureSummary.swift /Users/daniel/Documents/RGB2GIF2VOXEL/RGB2GIF2VOXEL/Bridge/CanonicalRustFFI.swift /Users/daniel/Documents/RGB2GIF2VOXEL/RGB2GIF2VOXEL/Bridge/GIF89aEncoderStub.swift /Users/daniel/Documents/RGB2GIF2VOXEL/RGB2GIF2VOXEL/Bridge/RustFFI.swift /Users/daniel/Documents/RGB2GIF2VOXEL/RGB2GIF2VOXEL/Bridge/UIUXArchitectureSummary.swift (in target 'RGB2GIF2VOXEL' from project 'RGB2GIF2VOXEL')

SwiftCompile normal arm64 /Users/daniel/Documents/RGB2GIF2VOXEL/RGB2GIF2VOXEL/Bridge/CanonicalRustFFI.swift (in target 'RGB2GIF2VOXEL' from project 'RGB2GIF2VOXEL')
    cd /Users/daniel/Documents/RGB2GIF2VOXEL
    

SwiftCompile normal arm64 /Users/daniel/Documents/RGB2GIF2VOXEL/RGB2GIF2VOXEL/Bridge/GIF89aEncoderStub.swift (in target 'RGB2GIF2VOXEL' from project 'RGB2GIF2VOXEL')
    cd /Users/daniel/Documents/RGB2GIF2VOXEL
    

SwiftCompile normal arm64 /Users/daniel/Documents/RGB2GIF2VOXEL/RGB2GIF2VOXEL/Bridge/RustFFI.swift (in target 'RGB2GIF2VOXEL' from project 'RGB2GIF2VOXEL')
    cd /Users/daniel/Documents/RGB2GIF2VOXEL
    

SwiftCompile normal arm64 /Users/daniel/Documents/RGB2GIF2VOXEL/RGB2GIF2VOXEL/Bridge/UIUXArchitectureSummary.swift (in target 'RGB2GIF2VOXEL' from project 'RGB2GIF2VOXEL')
    cd /Users/daniel/Documents/RGB2GIF2VOXEL
    

SwiftCompile normal arm64 Compiling\ CubeCameraManager.swift,\ CubeCameraManagerOptimized.swift,\ CubeCameraManagerOptimizedExtensions.swift,\ CubeClipController.swift /Users/daniel/Documents/RGB2GIF2VOXEL/RGB2GIF2VOXEL/Camera/CubeCameraManager.swift /Users/daniel/Documents/RGB2GIF2VOXEL/RGB2GIF2VOXEL/Camera/CubeCameraManagerOptimized.swift /Users/daniel/Documents/RGB2GIF2VOXEL/RGB2GIF2VOXEL/Camera/CubeCameraManagerOptimizedExtensions.swift /Users/daniel/Documents/RGB2GIF2VOXEL/RGB2GIF2VOXEL/Camera/CubeClipController.swift (in target 'RGB2GIF2VOXEL' from project 'RGB2GIF2VOXEL')
SwiftCompile normal arm64 /Users/daniel/Documents/RGB2GIF2VOXEL/RGB2GIF2VOXEL/Camera/CubeCameraManager.swift (in target 'RGB2GIF2VOXEL' from project 'RGB2GIF2VOXEL')
    cd /Users/daniel/Documents/RGB2GIF2VOXEL
    

SwiftCompile normal arm64 /Users/daniel/Documents/RGB2GIF2VOXEL/RGB2GIF2VOXEL/Camera/CubeCameraManagerOptimized.swift (in target 'RGB2GIF2VOXEL' from project 'RGB2GIF2VOXEL')
    cd /Users/daniel/Documents/RGB2GIF2VOXEL
    

SwiftCompile normal arm64 /Users/daniel/Documents/RGB2GIF2VOXEL/RGB2GIF2VOXEL/Camera/CubeCameraManagerOptimizedExtensions.swift (in target 'RGB2GIF2VOXEL' from project 'RGB2GIF2VOXEL')
    cd /Users/daniel/Documents/RGB2GIF2VOXEL
    

SwiftCompile normal arm64 /Users/daniel/Documents/RGB2GIF2VOXEL/RGB2GIF2VOXEL/Camera/CubeClipController.swift (in target 'RGB2GIF2VOXEL' from project 'RGB2GIF2VOXEL')
    cd /Users/daniel/Documents/RGB2GIF2VOXEL
    

SwiftCompile normal arm64 Compiling\ YinGifProcessor.swift,\ BGRACameraManager.swift,\ CaptureToGIFPipeline.swift,\ Cube256Config.swift /Users/daniel/Documents/RGB2GIF2VOXEL/RGB2GIF2VOXEL/Bridge/YinGifProcessor.swift /Users/daniel/Documents/RGB2GIF2VOXEL/RGB2GIF2VOXEL/Camera/BGRACameraManager.swift /Users/daniel/Documents/RGB2GIF2VOXEL/RGB2GIF2VOXEL/Camera/CaptureToGIFPipeline.swift /Users/daniel/Documents/RGB2GIF2VOXEL/RGB2GIF2VOXEL/Camera/Cube256Config.swift (in target 'RGB2GIF2VOXEL' from project 'RGB2GIF2VOXEL')

SwiftCompile normal arm64 /Users/daniel/Documents/RGB2GIF2VOXEL/RGB2GIF2VOXEL/Bridge/YinGifProcessor.swift (in target 'RGB2GIF2VOXEL' from project 'RGB2GIF2VOXEL')
    cd /Users/daniel/Documents/RGB2GIF2VOXEL
    
/Users/daniel/Documents/RGB2GIF2VOXEL/RGB2GIF2VOXEL/Bridge/YinGifProcessor.swift:88:29: warning: main actor-isolated instance method 'processFrame(bgraData:width:height:targetSize:paletteSize:)' cannot be called from outside of the actor; this is an error in the Swift 6 language mode
            return try self.processFrame(
                   ~~~~~~~~~^~~~~~~~~~~~~
                       await 

SwiftCompile normal arm64 /Users/daniel/Documents/RGB2GIF2VOXEL/RGB2GIF2VOXEL/Camera/BGRACameraManager.swift (in target 'RGB2GIF2VOXEL' from project 'RGB2GIF2VOXEL')
    cd /Users/daniel/Documents/RGB2GIF2VOXEL
    
/Users/daniel/Documents/RGB2GIF2VOXEL/RGB2GIF2VOXEL/Camera/BGRACameraManager.swift:47:19: warning: call to main actor-isolated instance method 'configureSession()' in a synchronous nonisolated context
            self?.configureSession()
                  ^
/Users/daniel/Documents/RGB2GIF2VOXEL/RGB2GIF2VOXEL/Camera/BGRACameraManager.swift:51:18: note: calls to instance method 'configureSession()' from outside of its actor context are implicitly asynchronous
    private func configureSession() {
                 ^
/Users/daniel/Documents/RGB2GIF2VOXEL/RGB2GIF2VOXEL/Camera/BGRACameraManager.swift:270:19: warning: main actor-isolated property 'session' can not be referenced from a Sendable closure
            self?.session.startRunning()
                  ^
/Users/daniel/Documents/RGB2GIF2VOXEL/RGB2GIF2VOXEL/Camera/BGRACameraManager.swift:22:9: note: property declared here
    let session = AVCaptureSession()
        ^
/Users/daniel/Documents/RGB2GIF2VOXEL/RGB2GIF2VOXEL/Camera/BGRACameraManager.swift:276:19: warning: main actor-isolated property 'session' can not be referenced from a Sendable closure
            self?.session.stopRunning()
                  ^
/Users/daniel/Documents/RGB2GIF2VOXEL/RGB2GIF2VOXEL/Camera/BGRACameraManager.swift:22:9: note: property declared here
    let session = AVCaptureSession()
        ^

SwiftCompile normal arm64 /Users/daniel/Documents/RGB2GIF2VOXEL/RGB2GIF2VOXEL/Camera/CaptureToGIFPipeline.swift (in target 'RGB2GIF2VOXEL' from project 'RGB2GIF2VOXEL')
    cd /Users/daniel/Documents/RGB2GIF2VOXEL
    

SwiftCompile normal arm64 /Users/daniel/Documents/RGB2GIF2VOXEL/RGB2GIF2VOXEL/Camera/Cube256Config.swift (in target 'RGB2GIF2VOXEL' from project 'RGB2GIF2VOXEL')
    cd /Users/daniel/Documents/RGB2GIF2VOXEL
    

SwiftCompile normal arm64 Compiling\ DeviceFormat.swift,\ Downsampler.swift,\ WebViewBridge.swift,\ WKWebViewController.swift /Users/daniel/Documents/RGB2GIF2VOXEL/RGB2GIF2VOXEL/Legacy/DeviceFormat.swift /Users/daniel/Documents/RGB2GIF2VOXEL/RGB2GIF2VOXEL/Legacy/Downsampler.swift /Users/daniel/Documents/RGB2GIF2VOXEL/RGB2GIF2VOXEL/Legacy/WebViewBridge.swift /Users/daniel/Documents/RGB2GIF2VOXEL/RGB2GIF2VOXEL/Legacy/WKWebViewController.swift (in target 'RGB2GIF2VOXEL' from project 'RGB2GIF2VOXEL')

SwiftCompile normal arm64 /Users/daniel/Documents/RGB2GIF2VOXEL/RGB2GIF2VOXEL/Legacy/DeviceFormat.swift (in target 'RGB2GIF2VOXEL' from project 'RGB2GIF2VOXEL')
    cd /Users/daniel/Documents/RGB2GIF2VOXEL
    
/Users/daniel/Documents/RGB2GIF2VOXEL/RGB2GIF2VOXEL/Legacy/DeviceFormat.swift:87:18: warning: main actor-isolated property 'frontCamera' can not be mutated from a Sendable closure
            self.frontCamera = discoverySession.devices.first
                 ^
/Users/daniel/Documents/RGB2GIF2VOXEL/RGB2GIF2VOXEL/Legacy/DeviceFormat.swift:50:17: note: mutation of this property is only permitted within the actor
    private var frontCamera: AVCaptureDevice?
                ^
/Users/daniel/Documents/RGB2GIF2VOXEL/RGB2GIF2VOXEL/Legacy/DeviceFormat.swift:89:34: warning: main actor-isolated property 'frontCamera' can not be referenced from a Sendable closure
            if let camera = self.frontCamera {
                                 ^
/Users/daniel/Documents/RGB2GIF2VOXEL/RGB2GIF2VOXEL/Legacy/DeviceFormat.swift:50:17: note: property declared here
    private var frontCamera: AVCaptureDevice?
                ^
/Users/daniel/Documents/RGB2GIF2VOXEL/RGB2GIF2VOXEL/Legacy/DeviceFormat.swift:91:22: warning: call to main actor-isolated instance method 'enumerateFormats(for:)' in a synchronous nonisolated context
                self.enumerateFormats(for: camera)
                     ^
/Users/daniel/Documents/RGB2GIF2VOXEL/RGB2GIF2VOXEL/Legacy/DeviceFormat.swift:101:18: note: calls to instance method 'enumerateFormats(for:)' from outside of its actor context are implicitly asynchronous
    private func enumerateFormats(for device: AVCaptureDevice) {
                 ^
/Users/daniel/Documents/RGB2GIF2VOXEL/RGB2GIF2VOXEL/Legacy/DeviceFormat.swift:181:54: warning: main actor-isolated property 'frontCamera' can not be referenced from a Sendable closure
            guard let self = self, let device = self.frontCamera else { return }
                                                     ^
/Users/daniel/Documents/RGB2GIF2VOXEL/RGB2GIF2VOXEL/Legacy/DeviceFormat.swift:50:17: note: property declared here
    private var frontCamera: AVCaptureDevice?
                ^
/Users/daniel/Documents/RGB2GIF2VOXEL/RGB2GIF2VOXEL/Legacy/DeviceFormat.swift:185:25: warning: main actor-isolated property 'captureSession' can not be referenced from a Sendable closure
                if self.captureSession.isRunning {
                        ^
/Users/daniel/Documents/RGB2GIF2VOXEL/RGB2GIF2VOXEL/Legacy/DeviceFormat.swift:49:17: note: property declared here
    private let captureSession = AVCaptureSession()
                ^
/Users/daniel/Documents/RGB2GIF2VOXEL/RGB2GIF2VOXEL/Legacy/DeviceFormat.swift:186:26: warning: main actor-isolated property 'captureSession' can not be referenced from a Sendable closure
                    self.captureSession.stopRunning()
                         ^
/Users/daniel/Documents/RGB2GIF2VOXEL/RGB2GIF2VOXEL/Legacy/DeviceFormat.swift:49:17: note: property declared here
    private let captureSession = AVCaptureSession()
                ^
/Users/daniel/Documents/RGB2GIF2VOXEL/RGB2GIF2VOXEL/Legacy/DeviceFormat.swift:189:22: warning: main actor-isolated property 'captureSession' can not be referenced from a Sendable closure
                self.captureSession.beginConfiguration()
                     ^
/Users/daniel/Documents/RGB2GIF2VOXEL/RGB2GIF2VOXEL/Legacy/DeviceFormat.swift:49:17: note: property declared here
    private let captureSession = AVCaptureSession()
                ^
/Users/daniel/Documents/RGB2GIF2VOXEL/RGB2GIF2VOXEL/Legacy/DeviceFormat.swift:190:30: warning: main actor-isolated property 'captureSession' can not be referenced from a Sendable closure
                defer { self.captureSession.commitConfiguration() }
                             ^
/Users/daniel/Documents/RGB2GIF2VOXEL/RGB2GIF2VOXEL/Legacy/DeviceFormat.swift:49:17: note: property declared here
    private let captureSession = AVCaptureSession()
                ^
/Users/daniel/Documents/RGB2GIF2VOXEL/RGB2GIF2VOXEL/Legacy/DeviceFormat.swift:206:22: warning: main actor-isolated property 'captureSession' can not be mutated from a Sendable closure
                self.captureSession.sessionPreset = .inputPriority
                     ^
/Users/daniel/Documents/RGB2GIF2VOXEL/RGB2GIF2VOXEL/Legacy/DeviceFormat.swift:49:17: note: mutation of this property is only permitted within the actor
    private let captureSession = AVCaptureSession()
                ^
/Users/daniel/Documents/RGB2GIF2VOXEL/RGB2GIF2VOXEL/Legacy/DeviceFormat.swift:214:25: warning: main actor-isolated property 'isSessionRunning' can not be referenced from a Sendable closure
                if self.isSessionRunning {
                        ^
/Users/daniel/Documents/RGB2GIF2VOXEL/RGB2GIF2VOXEL/Legacy/DeviceFormat.swift:45:20: note: property declared here
    @Published var isSessionRunning = false
                   ^
/Users/daniel/Documents/RGB2GIF2VOXEL/RGB2GIF2VOXEL/Legacy/DeviceFormat.swift:215:26: warning: main actor-isolated property 'captureSession' can not be referenced from a Sendable closure
                    self.captureSession.startRunning()
                         ^
/Users/daniel/Documents/RGB2GIF2VOXEL/RGB2GIF2VOXEL/Legacy/DeviceFormat.swift:49:17: note: property declared here
    private let captureSession = AVCaptureSession()
                ^
/Users/daniel/Documents/RGB2GIF2VOXEL/RGB2GIF2VOXEL/Legacy/DeviceFormat.swift:265:28: warning: 'videoOrientation' was deprecated in iOS 17.0: Use -videoRotationAngle instead
                connection.videoOrientation = .portrait
                           ^
/Users/daniel/Documents/RGB2GIF2VOXEL/RGB2GIF2VOXEL/Legacy/DeviceFormat.swift:229:54: warning: main actor-isolated property 'frontCamera' can not be referenced from a Sendable closure
            guard let self = self, let device = self.frontCamera else { return }
                                                     ^
/Users/daniel/Documents/RGB2GIF2VOXEL/RGB2GIF2VOXEL/Legacy/DeviceFormat.swift:50:17: note: property declared here
    private var frontCamera: AVCaptureDevice?
                ^
/Users/daniel/Documents/RGB2GIF2VOXEL/RGB2GIF2VOXEL/Legacy/DeviceFormat.swift:231:18: warning: main actor-isolated property 'captureSession' can not be referenced from a Sendable closure
            self.captureSession.beginConfiguration()
                 ^
/Users/daniel/Documents/RGB2GIF2VOXEL/RGB2GIF2VOXEL/Legacy/DeviceFormat.swift:49:17: note: property declared here
    private let captureSession = AVCaptureSession()
                ^
/Users/daniel/Documents/RGB2GIF2VOXEL/RGB2GIF2VOXEL/Legacy/DeviceFormat.swift:232:26: warning: main actor-isolated property 'captureSession' can not be referenced from a Sendable closure
            defer { self.captureSession.commitConfiguration() }
                         ^
/Users/daniel/Documents/RGB2GIF2VOXEL/RGB2GIF2VOXEL/Legacy/DeviceFormat.swift:49:17: note: property declared here
    private let captureSession = AVCaptureSession()
                ^
/Users/daniel/Documents/RGB2GIF2VOXEL/RGB2GIF2VOXEL/Legacy/DeviceFormat.swift:235:18: warning: main actor-isolated property 'captureSession' can not be referenced from a Sendable closure
            self.captureSession.inputs.forEach { self.captureSession.removeInput($0) }
                 ^
/Users/daniel/Documents/RGB2GIF2VOXEL/RGB2GIF2VOXEL/Legacy/DeviceFormat.swift:49:17: note: property declared here
    private let captureSession = AVCaptureSession()
                ^
/Users/daniel/Documents/RGB2GIF2VOXEL/RGB2GIF2VOXEL/Legacy/DeviceFormat.swift:235:55: warning: main actor-isolated property 'captureSession' can not be referenced from a nonisolated context
            self.captureSession.inputs.forEach { self.captureSession.removeInput($0) }
                                                      ^
/Users/daniel/Documents/RGB2GIF2VOXEL/RGB2GIF2VOXEL/Legacy/DeviceFormat.swift:49:17: note: property declared here
    private let captureSession = AVCaptureSession()
                ^
/Users/daniel/Documents/RGB2GIF2VOXEL/RGB2GIF2VOXEL/Legacy/DeviceFormat.swift:236:18: warning: main actor-isolated property 'captureSession' can not be referenced from a Sendable closure
            self.captureSession.outputs.forEach { self.captureSession.removeOutput($0) }
                 ^
/Users/daniel/Documents/RGB2GIF2VOXEL/RGB2GIF2VOXEL/Legacy/DeviceFormat.swift:49:17: note: property declared here
    private let captureSession = AVCaptureSession()
                ^
/Users/daniel/Documents/RGB2GIF2VOXEL/RGB2GIF2VOXEL/Legacy/DeviceFormat.swift:236:56: warning: main actor-isolated property 'captureSession' can not be referenced from a nonisolated context
            self.captureSession.outputs.forEach { self.captureSession.removeOutput($0) }
                                                       ^
/Users/daniel/Documents/RGB2GIF2VOXEL/RGB2GIF2VOXEL/Legacy/DeviceFormat.swift:49:17: note: property declared here
    private let captureSession = AVCaptureSession()
                ^
/Users/daniel/Documents/RGB2GIF2VOXEL/RGB2GIF2VOXEL/Legacy/DeviceFormat.swift:246:21: warning: main actor-isolated property 'captureSession' can not be referenced from a Sendable closure
            if self.captureSession.canAddInput(cameraInput) {
                    ^
/Users/daniel/Documents/RGB2GIF2VOXEL/RGB2GIF2VOXEL/Legacy/DeviceFormat.swift:49:17: note: property declared here
    private let captureSession = AVCaptureSession()
                ^
/Users/daniel/Documents/RGB2GIF2VOXEL/RGB2GIF2VOXEL/Legacy/DeviceFormat.swift:247:22: warning: main actor-isolated property 'captureSession' can not be referenced from a Sendable closure
                self.captureSession.addInput(cameraInput)
                     ^
/Users/daniel/Documents/RGB2GIF2VOXEL/RGB2GIF2VOXEL/Legacy/DeviceFormat.swift:49:17: note: property declared here
    private let captureSession = AVCaptureSession()
                ^
/Users/daniel/Documents/RGB2GIF2VOXEL/RGB2GIF2VOXEL/Legacy/DeviceFormat.swift:255:49: warning: main actor-isolated conformance of 'FrontCameraManager' to 'AVCaptureVideoDataOutputSampleBufferDelegate' cannot be used in nonisolated context; this is an error in the Swift 6 language mode
            videoOutput.setSampleBufferDelegate(self, queue: self.videoDataQueue)
                                                ^
/Users/daniel/Documents/RGB2GIF2VOXEL/RGB2GIF2VOXEL/Legacy/DeviceFormat.swift:258:21: warning: main actor-isolated property 'captureSession' can not be referenced from a Sendable closure
            if self.captureSession.canAddOutput(videoOutput) {
                    ^
/Users/daniel/Documents/RGB2GIF2VOXEL/RGB2GIF2VOXEL/Legacy/DeviceFormat.swift:49:17: note: property declared here
    private let captureSession = AVCaptureSession()
                ^
/Users/daniel/Documents/RGB2GIF2VOXEL/RGB2GIF2VOXEL/Legacy/DeviceFormat.swift:259:22: warning: main actor-isolated property 'captureSession' can not be referenced from a Sendable closure
                self.captureSession.addOutput(videoOutput)
                     ^
/Users/daniel/Documents/RGB2GIF2VOXEL/RGB2GIF2VOXEL/Legacy/DeviceFormat.swift:49:17: note: property declared here
    private let captureSession = AVCaptureSession()
                ^
/Users/daniel/Documents/RGB2GIF2VOXEL/RGB2GIF2VOXEL/Legacy/DeviceFormat.swift:260:22: warning: main actor-isolated property 'videoDataOutput' can not be mutated from a Sendable closure
                self.videoDataOutput = videoOutput
                     ^
/Users/daniel/Documents/RGB2GIF2VOXEL/RGB2GIF2VOXEL/Legacy/DeviceFormat.swift:51:17: note: mutation of this property is only permitted within the actor
    private var videoDataOutput: AVCaptureVideoDataOutput?
                ^
/Users/daniel/Documents/RGB2GIF2VOXEL/RGB2GIF2VOXEL/Legacy/DeviceFormat.swift:270:34: warning: main actor-isolated property 'selectedFormat' can not be referenced from a Sendable closure
            if let format = self.selectedFormat {
                                 ^
/Users/daniel/Documents/RGB2GIF2VOXEL/RGB2GIF2VOXEL/Legacy/DeviceFormat.swift:44:20: note: property declared here
    @Published var selectedFormat: DeviceFormatOption?
                   ^
/Users/daniel/Documents/RGB2GIF2VOXEL/RGB2GIF2VOXEL/Legacy/DeviceFormat.swift:274:26: warning: main actor-isolated property 'captureSession' can not be mutated from a Sendable closure
                    self.captureSession.sessionPreset = .inputPriority
                         ^
/Users/daniel/Documents/RGB2GIF2VOXEL/RGB2GIF2VOXEL/Legacy/DeviceFormat.swift:49:17: note: mutation of this property is only permitted within the actor
    private let captureSession = AVCaptureSession()
                ^
/Users/daniel/Documents/RGB2GIF2VOXEL/RGB2GIF2VOXEL/Legacy/DeviceFormat.swift:288:22: warning: main actor-isolated property 'captureSession' can not be referenced from a Sendable closure
            if !self.captureSession.isRunning {
                     ^
/Users/daniel/Documents/RGB2GIF2VOXEL/RGB2GIF2VOXEL/Legacy/DeviceFormat.swift:49:17: note: property declared here
    private let captureSession = AVCaptureSession()
                ^
/Users/daniel/Documents/RGB2GIF2VOXEL/RGB2GIF2VOXEL/Legacy/DeviceFormat.swift:289:22: warning: main actor-isolated property 'captureSession' can not be referenced from a Sendable closure
                self.captureSession.startRunning()
                     ^
/Users/daniel/Documents/RGB2GIF2VOXEL/RGB2GIF2VOXEL/Legacy/DeviceFormat.swift:49:17: note: property declared here
    private let captureSession = AVCaptureSession()
                ^
/Users/daniel/Documents/RGB2GIF2VOXEL/RGB2GIF2VOXEL/Legacy/DeviceFormat.swift:302:21: warning: main actor-isolated property 'captureSession' can not be referenced from a Sendable closure
            if self.captureSession.isRunning {
                    ^
/Users/daniel/Documents/RGB2GIF2VOXEL/RGB2GIF2VOXEL/Legacy/DeviceFormat.swift:49:17: note: property declared here
    private let captureSession = AVCaptureSession()
                ^
/Users/daniel/Documents/RGB2GIF2VOXEL/RGB2GIF2VOXEL/Legacy/DeviceFormat.swift:303:22: warning: main actor-isolated property 'captureSession' can not be referenced from a Sendable closure
                self.captureSession.stopRunning()
                     ^
/Users/daniel/Documents/RGB2GIF2VOXEL/RGB2GIF2VOXEL/Legacy/DeviceFormat.swift:49:17: note: property declared here
    private let captureSession = AVCaptureSession()
                ^

SwiftCompile normal arm64 /Users/daniel/Documents/RGB2GIF2VOXEL/RGB2GIF2VOXEL/Legacy/Downsampler.swift (in target 'RGB2GIF2VOXEL' from project 'RGB2GIF2VOXEL')
    cd /Users/daniel/Documents/RGB2GIF2VOXEL
    

SwiftCompile normal arm64 /Users/daniel/Documents/RGB2GIF2VOXEL/RGB2GIF2VOXEL/Legacy/WebViewBridge.swift (in target 'RGB2GIF2VOXEL' from project 'RGB2GIF2VOXEL')
    cd /Users/daniel/Documents/RGB2GIF2VOXEL
    
/Users/daniel/Documents/RGB2GIF2VOXEL/RGB2GIF2VOXEL/Legacy/WebViewBridge.swift:38:23: warning: 'processPool' was deprecated in iOS 15.0: Creating and using multiple instances of WKProcessPool no longer has any effect.
        configuration.processPool = WKProcessPool()
                      ^
/Users/daniel/Documents/RGB2GIF2VOXEL/RGB2GIF2VOXEL/Legacy/WebViewBridge.swift:38:37: warning: 'WKProcessPool' was deprecated in iOS 15.0: Creating and using multiple instances of WKProcessPool no longer has any effect.
        configuration.processPool = WKProcessPool()
                                    ^

SwiftCompile normal arm64 /Users/daniel/Documents/RGB2GIF2VOXEL/RGB2GIF2VOXEL/Legacy/WKWebViewController.swift (in target 'RGB2GIF2VOXEL' from project 'RGB2GIF2VOXEL')
    cd /Users/daniel/Documents/RGB2GIF2VOXEL
    
/Users/daniel/Documents/RGB2GIF2VOXEL/RGB2GIF2VOXEL/Legacy/WKWebViewController.swift:20:28: warning: 'javaScriptEnabled' was deprecated in iOS 14.0: Use WKWebpagePreferences.allowsContentJavaScript to disable content JavaScript on a per-navigation basis
        config.preferences.javaScriptEnabled = true
                           ^

SwiftCompile normal arm64 Compiling\ YXVIO_Simple.swift,\ YXVTypes.swift,\ BurnBridge.swift,\ CameraManager.swift /Users/daniel/Documents/RGB2GIF2VOXEL/RGB2GIF2VOXEL/FileFormats/YXVIO_Simple.swift /Users/daniel/Documents/RGB2GIF2VOXEL/RGB2GIF2VOXEL/FileFormats/YXVTypes.swift /Users/daniel/Documents/RGB2GIF2VOXEL/RGB2GIF2VOXEL/Legacy/BurnBridge.swift /Users/daniel/Documents/RGB2GIF2VOXEL/RGB2GIF2VOXEL/Legacy/CameraManager.swift (in target 'RGB2GIF2VOXEL' from project 'RGB2GIF2VOXEL')
SwiftCompile normal arm64 /Users/daniel/Documents/RGB2GIF2VOXEL/RGB2GIF2VOXEL/FileFormats/YXVIO_Simple.swift (in target 'RGB2GIF2VOXEL' from project 'RGB2GIF2VOXEL')
    cd /Users/daniel/Documents/RGB2GIF2VOXEL
    

SwiftCompile normal arm64 /Users/daniel/Documents/RGB2GIF2VOXEL/RGB2GIF2VOXEL/FileFormats/YXVTypes.swift (in target 'RGB2GIF2VOXEL' from project 'RGB2GIF2VOXEL')
    cd /Users/daniel/Documents/RGB2GIF2VOXEL
    

SwiftCompile normal arm64 /Users/daniel/Documents/RGB2GIF2VOXEL/RGB2GIF2VOXEL/Legacy/BurnBridge.swift (in target 'RGB2GIF2VOXEL' from project 'RGB2GIF2VOXEL')
    cd /Users/daniel/Documents/RGB2GIF2VOXEL
    

SwiftCompile normal arm64 /Users/daniel/Documents/RGB2GIF2VOXEL/RGB2GIF2VOXEL/Legacy/CameraManager.swift (in target 'RGB2GIF2VOXEL' from project 'RGB2GIF2VOXEL')
    cd /Users/daniel/Documents/RGB2GIF2VOXEL
    

SwiftCompile normal arm64 Compiling\ PerformanceLogger.swift,\ CaptureConfiguration.swift,\ CaptureError.swift,\ CubeTensorData.swift /Users/daniel/Documents/RGB2GIF2VOXEL/RGB2GIF2VOXEL/Logging/PerformanceLogger.swift /Users/daniel/Documents/RGB2GIF2VOXEL/RGB2GIF2VOXEL/Models/CaptureConfiguration.swift /Users/daniel/Documents/RGB2GIF2VOXEL/RGB2GIF2VOXEL/Models/CaptureError.swift /Users/daniel/Documents/RGB2GIF2VOXEL/RGB2GIF2VOXEL/Models/CubeTensorData.swift (in target 'RGB2GIF2VOXEL' from project 'RGB2GIF2VOXEL')

SwiftCompile normal arm64 /Users/daniel/Documents/RGB2GIF2VOXEL/RGB2GIF2VOXEL/Logging/PerformanceLogger.swift (in target 'RGB2GIF2VOXEL' from project 'RGB2GIF2VOXEL')
    cd /Users/daniel/Documents/RGB2GIF2VOXEL
    
/Users/daniel/Documents/RGB2GIF2VOXEL/RGB2GIF2VOXEL/Logging/PerformanceLogger.swift:162:19: warning: main actor-isolated property 'logFileHandle' can not be referenced from a Sendable closure
            self?.logFileHandle?.write(data)
                  ^
/Users/daniel/Documents/RGB2GIF2VOXEL/RGB2GIF2VOXEL/Logging/PerformanceLogger.swift:62:17: note: property declared here
    private var logFileHandle: FileHandle?
                ^
/Users/daniel/Documents/RGB2GIF2VOXEL/RGB2GIF2VOXEL/Logging/PerformanceLogger.swift:228:33: warning: call to main actor-isolated instance method 'getCurrentMemoryUsage()' in a synchronous nonisolated context
            let memoryMB = self.getCurrentMemoryUsage()
                                ^
/Users/daniel/Documents/RGB2GIF2VOXEL/RGB2GIF2VOXEL/Logging/PerformanceLogger.swift:245:18: note: calls to instance method 'getCurrentMemoryUsage()' from outside of its actor context are implicitly asynchronous
    private func getCurrentMemoryUsage() -> Double {
                 ^
/Users/daniel/Documents/RGB2GIF2VOXEL/RGB2GIF2VOXEL/Logging/PerformanceLogger.swift:207:18: warning: will never be executed
            log(.warning, "Slow frame \(frameIndex): \(String(format: "%.1f", processingTime * 1000))ms")
                 ^
/Users/daniel/Documents/RGB2GIF2VOXEL/RGB2GIF2VOXEL/Logging/PerformanceLogger.swift:206:27: note: condition always evaluates to false
        if processingTime > 0.1 {
                          ^

SwiftCompile normal arm64 /Users/daniel/Documents/RGB2GIF2VOXEL/RGB2GIF2VOXEL/Models/CaptureConfiguration.swift (in target 'RGB2GIF2VOXEL' from project 'RGB2GIF2VOXEL')
    cd /Users/daniel/Documents/RGB2GIF2VOXEL
    
/Users/daniel/Documents/RGB2GIF2VOXEL/RGB2GIF2VOXEL/Models/CaptureConfiguration.swift:66:42: warning: 'AVCaptureVideoOrientation' was deprecated in iOS 17.0: Use AVCaptureDeviceRotationCoordinator instead
    public static let videoOrientation = AVCaptureVideoOrientation.portrait
                                         ^

SwiftCompile normal arm64 /Users/daniel/Documents/RGB2GIF2VOXEL/RGB2GIF2VOXEL/Models/CaptureError.swift (in target 'RGB2GIF2VOXEL' from project 'RGB2GIF2VOXEL')
    cd /Users/daniel/Documents/RGB2GIF2VOXEL
    

SwiftCompile normal arm64 /Users/daniel/Documents/RGB2GIF2VOXEL/RGB2GIF2VOXEL/Models/CubeTensorData.swift (in target 'RGB2GIF2VOXEL' from project 'RGB2GIF2VOXEL')
    cd /Users/daniel/Documents/RGB2GIF2VOXEL
    

SwiftCompile normal arm64 Compiling\ MockRustProcessor.swift,\ PipelineValidator.swift,\ Data+Compression.swift,\ DataExtensions.swift /Users/daniel/Documents/RGB2GIF2VOXEL/RGB2GIF2VOXEL/Debug/MockRustProcessor.swift /Users/daniel/Documents/RGB2GIF2VOXEL/RGB2GIF2VOXEL/Debug/PipelineValidator.swift /Users/daniel/Documents/RGB2GIF2VOXEL/RGB2GIF2VOXEL/Extensions/Data+Compression.swift /Users/daniel/Documents/RGB2GIF2VOXEL/RGB2GIF2VOXEL/Extensions/DataExtensions.swift (in target 'RGB2GIF2VOXEL' from project 'RGB2GIF2VOXEL')

SwiftCompile normal arm64 /Users/daniel/Documents/RGB2GIF2VOXEL/RGB2GIF2VOXEL/Debug/MockRustProcessor.swift (in target 'RGB2GIF2VOXEL' from project 'RGB2GIF2VOXEL')
    cd /Users/daniel/Documents/RGB2GIF2VOXEL
    

SwiftCompile normal arm64 /Users/daniel/Documents/RGB2GIF2VOXEL/RGB2GIF2VOXEL/Debug/PipelineValidator.swift (in target 'RGB2GIF2VOXEL' from project 'RGB2GIF2VOXEL')
    cd /Users/daniel/Documents/RGB2GIF2VOXEL
    

SwiftCompile normal arm64 /Users/daniel/Documents/RGB2GIF2VOXEL/RGB2GIF2VOXEL/Extensions/Data+Compression.swift (in target 'RGB2GIF2VOXEL' from project 'RGB2GIF2VOXEL')
    cd /Users/daniel/Documents/RGB2GIF2VOXEL
    
/Users/daniel/Documents/RGB2GIF2VOXEL/RGB2GIF2VOXEL/Extensions/Data+Compression.swift:110:22: warning: cannot use inout expression here; argument 'dst_ptr' must be a pointer that outlives the call to 'init(dst_ptr:dst_size:src_ptr:src_size:state:)'
            dst_ptr: &dummyDst,
                     ^~~~~~~~~
/Users/daniel/Documents/RGB2GIF2VOXEL/RGB2GIF2VOXEL/Extensions/Data+Compression.swift:110:22: note: implicit argument conversion from 'UInt8' to 'UnsafeMutablePointer<UInt8>' produces a pointer valid only for the duration of the call to 'init(dst_ptr:dst_size:src_ptr:src_size:state:)'
            dst_ptr: &dummyDst,
                     ^~~~~~~~~
/Users/daniel/Documents/RGB2GIF2VOXEL/RGB2GIF2VOXEL/Extensions/Data+Compression.swift:110:22: note: use 'withUnsafeMutablePointer' in order to explicitly convert argument to pointer valid for a defined scope
            dst_ptr: &dummyDst,
                     ^
/Users/daniel/Documents/RGB2GIF2VOXEL/RGB2GIF2VOXEL/Extensions/Data+Compression.swift:112:22: warning: cannot use inout expression here; argument 'src_ptr' must be a pointer that outlives the call to 'init(dst_ptr:dst_size:src_ptr:src_size:state:)'
            src_ptr: &dummySrc,
                     ^~~~~~~~~
/Users/daniel/Documents/RGB2GIF2VOXEL/RGB2GIF2VOXEL/Extensions/Data+Compression.swift:112:22: note: implicit argument conversion from 'UInt8' to 'UnsafePointer<UInt8>' produces a pointer valid only for the duration of the call to 'init(dst_ptr:dst_size:src_ptr:src_size:state:)'
            src_ptr: &dummySrc,
                     ^~~~~~~~~
/Users/daniel/Documents/RGB2GIF2VOXEL/RGB2GIF2VOXEL/Extensions/Data+Compression.swift:112:22: note: use 'withUnsafePointer' in order to explicitly convert argument to pointer valid for a defined scope
            src_ptr: &dummySrc,
                     ^

SwiftCompile normal arm64 /Users/daniel/Documents/RGB2GIF2VOXEL/RGB2GIF2VOXEL/Extensions/DataExtensions.swift (in target 'RGB2GIF2VOXEL' from project 'RGB2GIF2VOXEL')
    cd /Users/daniel/Documents/RGB2GIF2VOXEL
    

SwiftCompile normal arm64 Compiling\ CubePolicy.swift,\ CubeTensor.swift,\ FixedCameraManager.swift,\ OptimizedCameraProcessor.swift /Users/daniel/Documents/RGB2GIF2VOXEL/RGB2GIF2VOXEL/Camera/CubePolicy.swift /Users/daniel/Documents/RGB2GIF2VOXEL/RGB2GIF2VOXEL/Camera/CubeTensor.swift /Users/daniel/Documents/RGB2GIF2VOXEL/RGB2GIF2VOXEL/Camera/FixedCameraManager.swift /Users/daniel/Documents/RGB2GIF2VOXEL/RGB2GIF2VOXEL/Camera/OptimizedCameraProcessor.swift (in target 'RGB2GIF2VOXEL' from project 'RGB2GIF2VOXEL')

SwiftCompile normal arm64 /Users/daniel/Documents/RGB2GIF2VOXEL/RGB2GIF2VOXEL/Camera/CubePolicy.swift (in target 'RGB2GIF2VOXEL' from project 'RGB2GIF2VOXEL')
    cd /Users/daniel/Documents/RGB2GIF2VOXEL
    

SwiftCompile normal arm64 /Users/daniel/Documents/RGB2GIF2VOXEL/RGB2GIF2VOXEL/Camera/CubeTensor.swift (in target 'RGB2GIF2VOXEL' from project 'RGB2GIF2VOXEL')
    cd /Users/daniel/Documents/RGB2GIF2VOXEL
    

SwiftCompile normal arm64 /Users/daniel/Documents/RGB2GIF2VOXEL/RGB2GIF2VOXEL/Camera/FixedCameraManager.swift (in target 'RGB2GIF2VOXEL' from project 'RGB2GIF2VOXEL')
    cd /Users/daniel/Documents/RGB2GIF2VOXEL
    
/Users/daniel/Documents/RGB2GIF2VOXEL/RGB2GIF2VOXEL/Camera/FixedCameraManager.swift:62:24: warning: 'videoOrientation' was deprecated in iOS 17.0: Use -videoRotationAngle instead
            connection.videoOrientation = .portrait
                       ^

SwiftCompile normal arm64 /Users/daniel/Documents/RGB2GIF2VOXEL/RGB2GIF2VOXEL/Camera/OptimizedCameraProcessor.swift (in target 'RGB2GIF2VOXEL' from project 'RGB2GIF2VOXEL')
    cd /Users/daniel/Documents/RGB2GIF2VOXEL
    
/Users/daniel/Documents/RGB2GIF2VOXEL/RGB2GIF2VOXEL/Camera/OptimizedCameraProcessor.swift:128:44: warning: capture of 'baseAddress' with non-Sendable type 'UnsafeMutableRawPointer' in a '@Sendable' closure
                    bgraData = Data(bytes: baseAddress, count: width * height * 4)
                                           ^
Swift.UnsafeMutableRawPointer:1:23: note: struct 'UnsafeMutableRawPointer' does not conform to the 'Sendable' protocol
@frozen public struct UnsafeMutableRawPointer : @unsafe _Pointer {
                      ^
/Users/daniel/Documents/RGB2GIF2VOXEL/RGB2GIF2VOXEL/Camera/OptimizedCameraProcessor.swift:218:23: warning: capture of 'yPlane' with non-Sendable type 'UnsafeMutableRawPointer' in a '@Sendable' closure
                data: yPlane,
                      ^
Swift.UnsafeMutableRawPointer:1:23: note: struct 'UnsafeMutableRawPointer' does not conform to the 'Sendable' protocol
@frozen public struct UnsafeMutableRawPointer : @unsafe _Pointer {
                      ^
/Users/daniel/Documents/RGB2GIF2VOXEL/RGB2GIF2VOXEL/Camera/OptimizedCameraProcessor.swift:225:23: warning: capture of 'uvPlane' with non-Sendable type 'UnsafeMutableRawPointer' in a '@Sendable' closure
                data: uvPlane,
                      ^
Swift.UnsafeMutableRawPointer:1:23: note: struct 'UnsafeMutableRawPointer' does not conform to the 'Sendable' protocol
@frozen public struct UnsafeMutableRawPointer : @unsafe _Pointer {
                      ^
/Users/daniel/Documents/RGB2GIF2VOXEL/RGB2GIF2VOXEL/Camera/OptimizedCameraProcessor.swift:209:33: warning: main actor-isolated property 'pixelBufferPool' can not be referenced from a Sendable closure
            if let pool = self?.pixelBufferPool {
                                ^
/Users/daniel/Documents/RGB2GIF2VOXEL/RGB2GIF2VOXEL/Camera/OptimizedCameraProcessor.swift:55:18: note: property declared here
    internal var pixelBufferPool: CVPixelBufferPool?
                 ^

SwiftCompile normal arm64 Compiling\ ErrorHandlingView.swift,\ GalleryView.swift,\ MainCaptureView.swift /Users/daniel/Documents/RGB2GIF2VOXEL/RGB2GIF2VOXEL/UI/ErrorHandlingView.swift /Users/daniel/Documents/RGB2GIF2VOXEL/RGB2GIF2VOXEL/UI/GalleryView.swift /Users/daniel/Documents/RGB2GIF2VOXEL/RGB2GIF2VOXEL/UI/MainCaptureView.swift (in target 'RGB2GIF2VOXEL' from project 'RGB2GIF2VOXEL')
Failed frontend command:
/Applications/Xcode.app/Contents/Developer/Toolchains/XcodeDefault.xctoolchain/usr/bin/swift-frontend -frontend -c /Users/daniel/Documents/RGB2GIF2VOXEL/RGB2GIF2VOXEL/Bridge/CanonicalRustFFI.swift /Users/daniel/Documents/RGB2GIF2VOXEL/RGB2GIF2VOXEL/Bridge/GIF89aEncoderStub.swift /Users/daniel/Documents/RGB2GIF2VOXEL/RGB2GIF2VOXEL/Bridge/RustFFI.swift /Users/daniel/Documents/RGB2GIF2VOXEL/RGB2GIF2VOXEL/Bridge/UIUXArchitectureSummary.swift /Users/daniel/Documents/RGB2GIF2VOXEL/RGB2GIF2VOXEL/Bridge/YinGifProcessor.swift /Users/daniel/Documents/RGB2GIF2VOXEL/RGB2GIF2VOXEL/Camera/BGRACameraManager.swift /Users/daniel/Documents/RGB2GIF2VOXEL/RGB2GIF2VOXEL/Camera/CaptureToGIFPipeline.swift /Users/daniel/Documents/RGB2GIF2VOXEL/RGB2GIF2VOXEL/Camera/Cube256Config.swift /Users/daniel/Documents/RGB2GIF2VOXEL/RGB2GIF2VOXEL/Camera/CubeCameraManager.swift /Users/daniel/Documents/RGB2GIF2VOXEL/RGB2GIF2VOXEL/Camera/CubeCameraManagerOptimized.swift /Users/daniel/Documents/RGB2GIF2VOXEL/RGB2GIF2VOXEL/Camera/CubeCameraManagerOptimizedExtensions.swift /Users/daniel/Documents/RGB2GIF2VOXEL/RGB2GIF2VOXEL/Camera/CubeClipController.swift /Users/daniel/Documents/RGB2GIF2VOXEL/RGB2GIF2VOXEL/Camera/CubePolicy.swift /Users/daniel/Documents/RGB2GIF2VOXEL/RGB2GIF2VOXEL/Camera/CubeTensor.swift /Users/daniel/Documents/RGB2GIF2VOXEL/RGB2GIF2VOXEL/Camera/FixedCameraManager.swift /Users/daniel/Documents/RGB2GIF2VOXEL/RGB2GIF2VOXEL/Camera/OptimizedCameraProcessor.swift /Users/daniel/Documents/RGB2GIF2VOXEL/RGB2GIF2VOXEL/Debug/MockRustProcessor.swift /Users/daniel/Documents/RGB2GIF2VOXEL/RGB2GIF2VOXEL/Debug/PipelineValidator.swift /Users/daniel/Documents/RGB2GIF2VOXEL/RGB2GIF2VOXEL/Extensions/Data+Compression.swift /Users/daniel/Documents/RGB2GIF2VOXEL/RGB2GIF2VOXEL/Extensions/DataExtensions.swift /Users/daniel/Documents/RGB2GIF2VOXEL/RGB2GIF2VOXEL/FileFormats/YXVIO_Simple.swift /Users/daniel/Documents/RGB2GIF2VOXEL/RGB2GIF2VOXEL/FileFormats/YXVTypes.swift /Users/daniel/Documents/RGB2GIF2VOXEL/RGB2GIF2VOXEL/Legacy/BurnBridge.swift /Users/daniel/Documents/RGB2GIF2VOXEL/RGB2GIF2VOXEL/Legacy/CameraManager.swift /Users/daniel/Documents/RGB2GIF2VOXEL/RGB2GIF2VOXEL/Legacy/DeviceFormat.swift /Users/daniel/Documents/RGB2GIF2VOXEL/RGB2GIF2VOXEL/Legacy/Downsampler.swift /Users/daniel/Documents/RGB2GIF2VOXEL/RGB2GIF2VOXEL/Legacy/WebViewBridge.swift /Users/daniel/Documents/RGB2GIF2VOXEL/RGB2GIF2VOXEL/Legacy/WKWebViewController.swift /Users/daniel/Documents/RGB2GIF2VOXEL/RGB2GIF2VOXEL/Logging/PerformanceLogger.swift /Users/daniel/Documents/RGB2GIF2VOXEL/RGB2GIF2VOXEL/Models/CaptureConfiguration.swift /Users/daniel/Documents/RGB2GIF2VOXEL/RGB2GIF2VOXEL/Models/CaptureError.swift /Users/daniel/Documents/RGB2GIF2VOXEL/RGB2GIF2VOXEL/Models/CubeTensorData.swift /Users/daniel/Documents/RGB2GIF2VOXEL/RGB2GIF2VOXEL/Pipeline/CaptureCoordinator.swift /Users/daniel/Documents/RGB2GIF2VOXEL/RGB2GIF2VOXEL/Pipeline/CubeProcessor.swift /Users/daniel/Documents/RGB2GIF2VOXEL/RGB2GIF2VOXEL/Pipeline/FrameSaver.swift /Users/daniel/Documents/RGB2GIF2VOXEL/RGB2GIF2VOXEL/Pipeline/SafeCubeProcessor.swift /Users/daniel/Documents/RGB2GIF2VOXEL/RGB2GIF2VOXEL/Pipeline/VImageDownsampler.swift /Users/daniel/Documents/RGB2GIF2VOXEL/RGB2GIF2VOXEL/Testing/MinimalPerformanceTest.swift /Users/daniel/Documents/RGB2GIF2VOXEL/RGB2GIF2VOXEL/Testing/PerformanceTestRunner.swift /Users/daniel/Documents/RGB2GIF2VOXEL/RGB2GIF2VOXEL/UI/CameraPreview.swift -primary-file /Users/daniel/Documents/RGB2GIF2VOXEL/RGB2GIF2VOXEL/UI/ErrorHandlingView.swift -primary-file /Users/daniel/Documents/RGB2GIF2VOXEL/RGB2GIF2VOXEL/UI/GalleryView.swift -primary-file /Users/daniel/Documents/RGB2GIF2VOXEL/RGB2GIF2VOXEL/UI/MainCaptureView.swift /Users/daniel/Documents/RGB2GIF2VOXEL/RGB2GIF2VOXEL/UI/PermissionCheckView.swift /Users/daniel/Documents/RGB2GIF2VOXEL/RGB2GIF2VOXEL/UI/SettingsView.swift /Users/daniel/Documents/RGB2GIF2VOXEL/RGB2GIF2VOXEL/Views/CameraPreviewRepresentable.swift /Users/daniel/Documents/RGB2GIF2VOXEL/RGB2GIF2VOXEL/Views/CubeCameraView.swift /Users/daniel/Documents/RGB2GIF2VOXEL/RGB2GIF2VOXEL/Views/DebugOverlayView.swift /Users/daniel/Documents/RGB2GIF2VOXEL/RGB2GIF2VOXEL/Views/SimpleCameraView.swift /Users/daniel/Documents/RGB2GIF2VOXEL/RGB2GIF2VOXEL/Voxel/CubeTensorVoxelExtensions.swift /Users/daniel/Documents/RGB2GIF2VOXEL/RGB2GIF2VOXEL/Voxel/VoxelRenderEngine.swift /Users/daniel/Documents/RGB2GIF2VOXEL/RGB2GIF2VOXEL/Voxel/VoxelViewerView.swift /Users/daniel/Documents/RGB2GIF2VOXEL/RGB2GIF2VOXEL/ContentView.swift /Users/daniel/Documents/RGB2GIF2VOXEL/RGB2GIF2VOXEL/RGB2GIF2VOXELApp.swift /Users/daniel/Documents/RGB2GIF2VOXEL/build/Build/Intermediates.noindex/RGB2GIF2VOXEL.build/Debug-iphoneos/RGB2GIF2VOXEL.build/DerivedSources/GeneratedAssetSymbols.swift -supplementary-output-file-map /Users/daniel/Documents/RGB2GIF2VOXEL/build/Build/Intermediates.noindex/RGB2GIF2VOXEL.build/Debug-iphoneos/RGB2GIF2VOXEL.build/Objects-normal/arm64/supplementaryOutputs-11 -emit-localized-strings -emit-localized-strings-path /Users/daniel/Documents/RGB2GIF2VOXEL/build/Build/Intermediates.noindex/RGB2GIF2VOXEL.build/Debug-iphoneos/RGB2GIF2VOXEL.build/Objects-normal/arm64 -target arm64-apple-ios26.0 -module-can-import-version DeveloperToolsSupport 23.0.4 23.0.4 -module-can-import-version SwiftUI 7.0.84.1 7.0.84 -module-can-import-version UIKit 9088.1.113 9088.1.113 -disable-cross-import-overlay-search -swift-module-cross-import Darwin /Applications/Xcode.app/Contents/Developer/Platforms/iPhoneOS.platform/Developer/SDKs/iPhoneOS.sdk/usr/include/Darwin.swiftcrossimport/xlocale.swiftoverlay -swift-module-cross-import SceneKit /Applications/Xcode.app/Contents/Developer/Platforms/iPhoneOS.platform/Developer/SDKs/iPhoneOS.sdk/System/Library/Frameworks/SceneKit.framework/Modules/SceneKit.swiftcrossimport/SwiftUI.swiftoverlay -swift-module-cross-import WebKit /Applications/Xcode.app/Contents/Developer/Platforms/iPhoneOS.platform/Developer/SDKs/iPhoneOS.sdk/System/Cryptexes/OS/System/Library/Frameworks/WebKit.framework/Modules/WebKit.swiftcrossimport/SwiftUI.swiftoverlay -swift-module-cross-import WebKit /Applications/Xcode.app/Contents/Developer/Platforms/iPhoneOS.platform/Developer/SDKs/iPhoneOS26.0.sdk/System/Library/Frameworks/WebKit.framework/Modules/WebKit.swiftcrossimport/SwiftUI.swiftoverlay -load-resolved-plugin /Applications/Xcode.app/Contents/Developer/Platforms/iPhoneOS.platform/Developer/usr/lib/swift/host/plugins/libFoundationMacros.dylib\#/Applications/Xcode.app/Contents/Developer/Platforms/iPhoneOS.platform/Developer/usr/bin/swift-plugin-server\#FoundationMacros -load-resolved-plugin /Applications/Xcode.app/Contents/Developer/Platforms/iPhoneOS.platform/Developer/usr/lib/swift/host/plugins/libObservationMacros.dylib\#/Applications/Xcode.app/Contents/Developer/Platforms/iPhoneOS.platform/Developer/usr/bin/swift-plugin-server\#ObservationMacros -load-resolved-plugin /Applications/Xcode.app/Contents/Developer/Platforms/iPhoneOS.platform/Developer/usr/lib/swift/host/plugins/libPreviewsMacros.dylib\#/Applications/Xcode.app/Contents/Developer/Platforms/iPhoneOS.platform/Developer/usr/bin/swift-plugin-server\#PreviewsMacros -load-resolved-plugin /Applications/Xcode.app/Contents/Developer/Platforms/iPhoneOS.platform/Developer/usr/lib/swift/host/plugins/libSwiftMacros.dylib\#/Applications/Xcode.app/Contents/Developer/Platforms/iPhoneOS.platform/Developer/usr/bin/swift-plugin-server\#SwiftMacros -load-resolved-plugin /Applications/Xcode.app/Contents/Developer/Platforms/iPhoneOS.platform/Developer/usr/lib/swift/host/plugins/libSwiftUIMacros.dylib\#/Applications/Xcode.app/Contents/Developer/Platforms/iPhoneOS.platform/Developer/usr/bin/swift-plugin-server\#SwiftUIMacros -disable-implicit-swift-modules -Xcc -fno-implicit-modules -Xcc -fno-implicit-module-maps -explicit-swift-module-map-file /Users/daniel/Documents/RGB2GIF2VOXEL/build/Build/Intermediates.noindex/RGB2GIF2VOXEL.build/Debug-iphoneos/RGB2GIF2VOXEL.build/Objects-normal/arm64/RGB2GIF2VOXEL-dependencies-1.json -Xllvm -aarch64-use-tbi -enable-objc-interop -stack-check -sdk /Applications/Xcode.app/Contents/Developer/Platforms/iPhoneOS.platform/Developer/SDKs/iPhoneOS26.0.sdk -I /Users/daniel/Documents/RGB2GIF2VOXEL/build/Build/Products/Debug-iphoneos -F /Users/daniel/Documents/RGB2GIF2VOXEL/build/Build/Products/Debug-iphoneos -no-color-diagnostics -Xcc -fno-color-diagnostics -enable-testing -g -debug-info-format\=dwarf -dwarf-version\=5 -module-cache-path /Users/daniel/Documents/RGB2GIF2VOXEL/build/Build/Intermediates.noindex/SwiftExplicitPrecompiledModules -swift-version 5 -enforce-exclusivity\=checked -Onone -D DEBUG -serialize-debugging-options -const-gather-protocols-file /Users/daniel/Documents/RGB2GIF2VOXEL/build/Build/Intermediates.noindex/RGB2GIF2VOXEL.build/Debug-iphoneos/RGB2GIF2VOXEL.build/Objects-normal/arm64/RGB2GIF2VOXEL_const_extract_protocols.json -enable-upcoming-feature DisableOutwardActorInference -enable-upcoming-feature InferSendableFromCaptures -enable-upcoming-feature GlobalActorIsolatedTypesUsability -enable-upcoming-feature MemberImportVisibility -enable-upcoming-feature InferIsolatedConformances -enable-upcoming-feature NonisolatedNonsendingByDefault -enable-experimental-feature DebugDescriptionMacro -enable-bare-slash-regex -default-isolation\=MainActor -empty-abi-descriptor -validate-clang-modules-once -clang-build-session-file /Users/daniel/Documents/RGB2GIF2VOXEL/build/ModuleCache.noindex/Session.modulevalidation -Xcc -working-directory -Xcc /Users/daniel/Documents/RGB2GIF2VOXEL -enable-anonymous-context-mangled-names -file-compilation-dir /Users/daniel/Documents/RGB2GIF2VOXEL -Xcc -D_LIBCPP_HARDENING_MODE\=_LIBCPP_HARDENING_MODE_DEBUG -Xcc -ivfsstatcache -Xcc /Users/daniel/Documents/RGB2GIF2VOXEL/build/SDKStatCaches.noindex/iphoneos26.0-23A339-81ce72e5b06c9602b9d30b56f2eed08a.sdkstatcache -Xcc -I/Users/daniel/Documents/RGB2GIF2VOXEL/build/Build/Intermediates.noindex/RGB2GIF2VOXEL.build/Debug-iphoneos/RGB2GIF2VOXEL.build/swift-overrides.hmap -Xcc -iquote -Xcc /Users/daniel/Documents/RGB2GIF2VOXEL/build/Build/Intermediates.noindex/RGB2GIF2VOXEL.build/Debug-iphoneos/RGB2GIF2VOXEL.build/RGB2GIF2VOXEL-generated-files.hmap -Xcc -I/Users/daniel/Documents/RGB2GIF2VOXEL/build/Build/Intermediates.noindex/RGB2GIF2VOXEL.build/Debug-iphoneos/RGB2GIF2VOXEL.build/RGB2GIF2VOXEL-own-target-headers.hmap -Xcc -I/Users/daniel/Documents/RGB2GIF2VOXEL/build/Build/Intermediates.noindex/RGB2GIF2VOXEL.build/Debug-iphoneos/RGB2GIF2VOXEL.build/RGB2GIF2VOXEL-all-target-headers.hmap -Xcc -iquote -Xcc /Users/daniel/Documents/RGB2GIF2VOXEL/build/Build/Intermediates.noindex/RGB2GIF2VOXEL.build/Debug-iphoneos/RGB2GIF2VOXEL.build/RGB2GIF2VOXEL-project-headers.hmap -Xcc -I/Users/daniel/Documents/RGB2GIF2VOXEL/build/Build/Products/Debug-iphoneos/include -Xcc -I/Users/daniel/Documents/RGB2GIF2VOXEL/build/Build/Intermediates.noindex/RGB2GIF2VOXEL.build/Debug-iphoneos/RGB2GIF2VOXEL.build/DerivedSources-normal/arm64 -Xcc -I/Users/daniel/Documents/RGB2GIF2VOXEL/build/Build/Intermediates.noindex/RGB2GIF2VOXEL.build/Debug-iphoneos/RGB2GIF2VOXEL.build/DerivedSources/arm64 -Xcc -I/Users/daniel/Documents/RGB2GIF2VOXEL/build/Build/Intermediates.noindex/RGB2GIF2VOXEL.build/Debug-iphoneos/RGB2GIF2VOXEL.build/DerivedSources -Xcc -DDEBUG\=1 -no-auto-bridging-header-chaining -module-name RGB2GIF2VOXEL -frontend-parseable-output -disable-clang-spi -target-sdk-version 26.0 -target-sdk-name iphoneos26.0 -clang-target arm64-apple-ios26.0 -in-process-plugin-server-path /Applications/Xcode.app/Contents/Developer/Toolchains/XcodeDefault.xctoolchain/usr/lib/swift/host/libSwiftInProcPluginServer.dylib -o /Users/daniel/Documents/RGB2GIF2VOXEL/build/Build/Intermediates.noindex/RGB2GIF2VOXEL.build/Debug-iphoneos/RGB2GIF2VOXEL.build/Objects-normal/arm64/ErrorHandlingView.o -o /Users/daniel/Documents/RGB2GIF2VOXEL/build/Build/Intermediates.noindex/RGB2GIF2VOXEL.build/Debug-iphoneos/RGB2GIF2VOXEL.build/Objects-normal/arm64/GalleryView.o -o /Users/daniel/Documents/RGB2GIF2VOXEL/build/Build/Intermediates.noindex/RGB2GIF2VOXEL.build/Debug-iphoneos/RGB2GIF2VOXEL.build/Objects-normal/arm64/MainCaptureView.o -index-unit-output-path /RGB2GIF2VOXEL.build/Debug-iphoneos/RGB2GIF2VOXEL.build/Objects-normal/arm64/ErrorHandlingView.o -index-unit-output-path /RGB2GIF2VOXEL.build/Debug-iphoneos/RGB2GIF2VOXEL.build/Objects-normal/arm64/GalleryView.o -index-unit-output-path /RGB2GIF2VOXEL.build/Debug-iphoneos/RGB2GIF2VOXEL.build/Objects-normal/arm64/MainCaptureView.o -index-store-path /Users/daniel/Documents/RGB2GIF2VOXEL/build/Index.noindex/DataStore -index-system-modules

SwiftCompile normal arm64 /Users/daniel/Documents/RGB2GIF2VOXEL/RGB2GIF2VOXEL/UI/ErrorHandlingView.swift (in target 'RGB2GIF2VOXEL' from project 'RGB2GIF2VOXEL')
    cd /Users/daniel/Documents/RGB2GIF2VOXEL
    

SwiftCompile normal arm64 /Users/daniel/Documents/RGB2GIF2VOXEL/RGB2GIF2VOXEL/UI/GalleryView.swift (in target 'RGB2GIF2VOXEL' from project 'RGB2GIF2VOXEL')
    cd /Users/daniel/Documents/RGB2GIF2VOXEL
    

SwiftCompile normal arm64 /Users/daniel/Documents/RGB2GIF2VOXEL/RGB2GIF2VOXEL/UI/MainCaptureView.swift (in target 'RGB2GIF2VOXEL' from project 'RGB2GIF2VOXEL')
    cd /Users/daniel/Documents/RGB2GIF2VOXEL
    
/Users/daniel/Documents/RGB2GIF2VOXEL/RGB2GIF2VOXEL/UI/MainCaptureView.swift:15:43: warning: 'AVCaptureVideoOrientation' was deprecated in iOS 17.0: Use AVCaptureDeviceRotationCoordinator instead
    @State private var videoOrientation = AVCaptureVideoOrientation.portrait
                                          ^
/Users/daniel/Documents/RGB2GIF2VOXEL/RGB2GIF2VOXEL/UI/MainCaptureView.swift:299:68: error: incorrect argument label in call (have 'at:', expected 'atPath:')
        if let fileSize = try? FileManager.default.attributesOfItem(at: url)[.size] as? Int {
                                                                   ^~~
                                                                    atPath
/Users/daniel/Documents/RGB2GIF2VOXEL/RGB2GIF2VOXEL/UI/MainCaptureView.swift:299:73: error: cannot convert value of type 'URL' to expected argument type 'String'
        if let fileSize = try? FileManager.default.attributesOfItem(at: url)[.size] as? Int {
                                                                        ^

SwiftCompile normal arm64 Compiling\ CubeCameraView.swift,\ DebugOverlayView.swift,\ SimpleCameraView.swift /Users/daniel/Documents/RGB2GIF2VOXEL/RGB2GIF2VOXEL/Views/CubeCameraView.swift /Users/daniel/Documents/RGB2GIF2VOXEL/RGB2GIF2VOXEL/Views/DebugOverlayView.swift /Users/daniel/Documents/RGB2GIF2VOXEL/RGB2GIF2VOXEL/Views/SimpleCameraView.swift (in target 'RGB2GIF2VOXEL' from project 'RGB2GIF2VOXEL')

SwiftCompile normal arm64 /Users/daniel/Documents/RGB2GIF2VOXEL/RGB2GIF2VOXEL/Views/CubeCameraView.swift (in target 'RGB2GIF2VOXEL' from project 'RGB2GIF2VOXEL')
    cd /Users/daniel/Documents/RGB2GIF2VOXEL
    

SwiftCompile normal arm64 /Users/daniel/Documents/RGB2GIF2VOXEL/RGB2GIF2VOXEL/Views/DebugOverlayView.swift (in target 'RGB2GIF2VOXEL' from project 'RGB2GIF2VOXEL')
    cd /Users/daniel/Documents/RGB2GIF2VOXEL
    

SwiftCompile normal arm64 /Users/daniel/Documents/RGB2GIF2VOXEL/RGB2GIF2VOXEL/Views/SimpleCameraView.swift (in target 'RGB2GIF2VOXEL' from project 'RGB2GIF2VOXEL')
    cd /Users/daniel/Documents/RGB2GIF2VOXEL
    

SwiftCompile normal arm64 Compiling\ CaptureCoordinator.swift,\ CubeProcessor.swift,\ FrameSaver.swift,\ SafeCubeProcessor.swift /Users/daniel/Documents/RGB2GIF2VOXEL/RGB2GIF2VOXEL/Pipeline/CaptureCoordinator.swift /Users/daniel/Documents/RGB2GIF2VOXEL/RGB2GIF2VOXEL/Pipeline/CubeProcessor.swift /Users/daniel/Documents/RGB2GIF2VOXEL/RGB2GIF2VOXEL/Pipeline/FrameSaver.swift /Users/daniel/Documents/RGB2GIF2VOXEL/RGB2GIF2VOXEL/Pipeline/SafeCubeProcessor.swift (in target 'RGB2GIF2VOXEL' from project 'RGB2GIF2VOXEL')

SwiftCompile normal arm64 /Users/daniel/Documents/RGB2GIF2VOXEL/RGB2GIF2VOXEL/Pipeline/CaptureCoordinator.swift (in target 'RGB2GIF2VOXEL' from project 'RGB2GIF2VOXEL')
    cd /Users/daniel/Documents/RGB2GIF2VOXEL
    
/Users/daniel/Documents/RGB2GIF2VOXEL/RGB2GIF2VOXEL/Pipeline/CaptureCoordinator.swift:105:19: warning: value 'gifData' was defined but never used; consider replacing with boolean test
        guard let gifData = generatedGIF else { return }
              ~~~~^~~~~~~~~~
                                         != nil

SwiftCompile normal arm64 /Users/daniel/Documents/RGB2GIF2VOXEL/RGB2GIF2VOXEL/Pipeline/CubeProcessor.swift (in target 'RGB2GIF2VOXEL' from project 'RGB2GIF2VOXEL')
    cd /Users/daniel/Documents/RGB2GIF2VOXEL
    
/Users/daniel/Documents/RGB2GIF2VOXEL/RGB2GIF2VOXEL/Pipeline/CubeProcessor.swift:17:30: warning: call to main actor-isolated initializer 'init()' in a synchronous actor-isolated context
    private let frameSaver = FrameSaver()
                             ^
/Users/daniel/Documents/RGB2GIF2VOXEL/RGB2GIF2VOXEL/Pipeline/FrameSaver.swift:14:20: note: calls to initializer 'init()' from outside of its actor context are implicitly asynchronous
public final class FrameSaver {
                   ^
/Users/daniel/Documents/RGB2GIF2VOXEL/RGB2GIF2VOXEL/Pipeline/CubeProcessor.swift:18:33: warning: call to main actor-isolated initializer 'init()' in a synchronous actor-isolated context
    private let rustProcessor = RustProcessor()
                                ^
/Users/daniel/Documents/RGB2GIF2VOXEL/RGB2GIF2VOXEL/Bridge/CanonicalRustFFI.swift:34:20: note: calls to initializer 'init()' from outside of its actor context are implicitly asynchronous
public final class RustProcessor {
                   ^
/Users/daniel/Documents/RGB2GIF2VOXEL/RGB2GIF2VOXEL/Pipeline/CubeProcessor.swift:76:33: warning: main actor-isolated property 'framesDirectory' cannot be accessed from outside of the actor; this is an error in the Swift 6 language mode
        let gifURL = frameSaver.framesDirectory.appendingPathComponent("output.gif")
                     ~~~~~~~~~~~^~~~~~~~~~~~~~~~~~~~~~~~~~~~~~~~~~~~~~~~~~~~~~~~~~~~
                     await 
/Users/daniel/Documents/RGB2GIF2VOXEL/RGB2GIF2VOXEL/Pipeline/CubeProcessor.swift:117:28: warning: main actor-isolated instance method 'saveAllFrames' cannot be called from outside of the actor; this is an error in the Swift 6 language mode
            try frameSaver.saveAllFrames(frames)
            ~~~~~~~~~~~~~~~^~~~~~~~~~~~~~~~~~~~~
                await 
/Users/daniel/Documents/RGB2GIF2VOXEL/RGB2GIF2VOXEL/Pipeline/CubeProcessor.swift:141:66: warning: main actor-isolated instance method 'processBatch(frames:width:height:targetSize:paletteSize:)' cannot be called from outside of the actor; this is an error in the Swift 6 language mode
            let (indicesData, palettesArray) = try rustProcessor.processBatch(
                                               ~~~~~~~~~~~~~~~~~~^~~~~~~~~~~~~
                                               await 
/Users/daniel/Documents/RGB2GIF2VOXEL/RGB2GIF2VOXEL/Pipeline/CubeProcessor.swift:150:20: warning: main actor-isolated initializer 'init(size:indices:palette:paletteSize:)' cannot be called from outside of the actor; this is an error in the Swift 6 language mode
            return CubeTensorData(
                   ^~~~~~~~~~~~~~~
                   await 
/Users/daniel/Documents/RGB2GIF2VOXEL/RGB2GIF2VOXEL/Pipeline/CubeProcessor.swift:168:47: warning: main actor-isolated property 'model' can not be referenced on a nonisolated actor instance
                deviceModel: UIDevice.current.model,
                                              ^
/Applications/Xcode.app/Contents/Developer/Platforms/iPhoneOS.platform/Developer/SDKs/iPhoneOS26.0.sdk/System/Library/Frameworks/UIKit.framework/Headers/UIDevice.h:40:51: note: property declared here
@property(nonatomic,readonly,strong) NSString    *model;             // e.g. @"iPhone", @"iPod touch"
                                                  ^
/Users/daniel/Documents/RGB2GIF2VOXEL/RGB2GIF2VOXEL/Pipeline/CubeProcessor.swift:168:39: warning: main actor-isolated class property 'current' can not be referenced on a nonisolated actor instance
                deviceModel: UIDevice.current.model,
                                      ^
/Applications/Xcode.app/Contents/Developer/Platforms/iPhoneOS.platform/Developer/SDKs/iPhoneOS26.0.sdk/System/Library/Frameworks/UIKit.framework/Headers/UIDevice.h:37:49: note: class property declared here
@property(class, nonatomic, readonly) UIDevice *currentDevice;
                                                ^
/Users/daniel/Documents/RGB2GIF2VOXEL/RGB2GIF2VOXEL/Pipeline/CubeProcessor.swift:179:45: warning: main actor-isolated instance method 'encodeGIF(indices:palettes:frameCount:side:fps:)' cannot be called from outside of the actor; this is an error in the Swift 6 language mode
            let gifData = try rustProcessor.encodeGIF(
                          ~~~~~~~~~~~~~~~~~~^~~~~~~~~~
                              await 

SwiftCompile normal arm64 /Users/daniel/Documents/RGB2GIF2VOXEL/RGB2GIF2VOXEL/Pipeline/FrameSaver.swift (in target 'RGB2GIF2VOXEL' from project 'RGB2GIF2VOXEL')
    cd /Users/daniel/Documents/RGB2GIF2VOXEL
    

SwiftCompile normal arm64 /Users/daniel/Documents/RGB2GIF2VOXEL/RGB2GIF2VOXEL/Pipeline/SafeCubeProcessor.swift (in target 'RGB2GIF2VOXEL' from project 'RGB2GIF2VOXEL')
    cd /Users/daniel/Documents/RGB2GIF2VOXEL
    
/Users/daniel/Documents/RGB2GIF2VOXEL/RGB2GIF2VOXEL/Pipeline/SafeCubeProcessor.swift:18:33: warning: call to main actor-isolated initializer 'init()' in a synchronous actor-isolated context
    private let rustProcessor = RustProcessor()
                                ^
/Users/daniel/Documents/RGB2GIF2VOXEL/RGB2GIF2VOXEL/Bridge/CanonicalRustFFI.swift:34:20: note: calls to initializer 'init()' from outside of its actor context are implicitly asynchronous
public final class RustProcessor {
                   ^
/Users/daniel/Documents/RGB2GIF2VOXEL/RGB2GIF2VOXEL/Pipeline/SafeCubeProcessor.swift:25:27: warning: call to main actor-isolated initializer 'init()' in a synchronous nonisolated context
        self.frameSaver = FrameSaver()
                          ^
/Users/daniel/Documents/RGB2GIF2VOXEL/RGB2GIF2VOXEL/Pipeline/FrameSaver.swift:14:20: note: calls to initializer 'init()' from outside of its actor context are implicitly asynchronous
public final class FrameSaver {
                   ^
/Users/daniel/Documents/RGB2GIF2VOXEL/RGB2GIF2VOXEL/Pipeline/SafeCubeProcessor.swift:119:37: warning: main actor-isolated property 'framesDirectory' cannot be accessed from outside of the actor; this is an error in the Swift 6 language mode
            let gifURL = frameSaver.framesDirectory.appendingPathComponent("output.gif")
                         ~~~~~~~~~~~^~~~~~~~~~~~~~~~~~~~~~~~~~~~~~~~~~~~~~~~~~~~~~~~~~~~
                         await 
/Users/daniel/Documents/RGB2GIF2VOXEL/RGB2GIF2VOXEL/Pipeline/SafeCubeProcessor.swift:196:38: warning: main actor-isolated property 'framesDirectory' cannot be accessed from outside of the actor; this is an error in the Swift 6 language mode
            let dirPath = frameSaver.framesDirectory.path
                          ~~~~~~~~~~~^~~~~~~~~~~~~~~~~~~~
                          await 
/Users/daniel/Documents/RGB2GIF2VOXEL/RGB2GIF2VOXEL/Pipeline/SafeCubeProcessor.swift:219:32: warning: main actor-isolated instance method 'saveAllFrames' cannot be called from outside of the actor; this is an error in the Swift 6 language mode
                try frameSaver.saveAllFrames(frames)
                ~~~~~~~~~~~~~~~^~~~~~~~~~~~~~~~~~~~~
                    await 
/Users/daniel/Documents/RGB2GIF2VOXEL/RGB2GIF2VOXEL/Pipeline/SafeCubeProcessor.swift:231:70: warning: main actor-isolated instance method 'processBatch(frames:width:height:targetSize:paletteSize:)' cannot be called from outside of the actor; this is an error in the Swift 6 language mode
                let (indicesData, palettesArray) = try rustProcessor.processBatch(
                                                   ~~~~~~~~~~~~~~~~~~^~~~~~~~~~~~~
                                                   await 
/Users/daniel/Documents/RGB2GIF2VOXEL/RGB2GIF2VOXEL/Pipeline/SafeCubeProcessor.swift:239:24: warning: main actor-isolated initializer 'init(size:indices:palette:paletteSize:)' cannot be called from outside of the actor; this is an error in the Swift 6 language mode
                return CubeTensorData(
                       ^~~~~~~~~~~~~~~
                       await 
/Users/daniel/Documents/RGB2GIF2VOXEL/RGB2GIF2VOXEL/Pipeline/SafeCubeProcessor.swift:274:49: warning: main actor-isolated instance method 'encodeGIF(indices:palettes:frameCount:side:fps:)' cannot be called from outside of the actor; this is an error in the Swift 6 language mode
                let gifData = try rustProcessor.encodeGIF(
                              ~~~~~~~~~~~~~~~~~~^~~~~~~~~~
                                  await 

SwiftCompile normal arm64 Compiling\ PermissionCheckView.swift,\ SettingsView.swift,\ CameraPreviewRepresentable.swift /Users/daniel/Documents/RGB2GIF2VOXEL/RGB2GIF2VOXEL/UI/PermissionCheckView.swift /Users/daniel/Documents/RGB2GIF2VOXEL/RGB2GIF2VOXEL/UI/SettingsView.swift /Users/daniel/Documents/RGB2GIF2VOXEL/RGB2GIF2VOXEL/Views/CameraPreviewRepresentable.swift (in target 'RGB2GIF2VOXEL' from project 'RGB2GIF2VOXEL')

SwiftCompile normal arm64 /Users/daniel/Documents/RGB2GIF2VOXEL/RGB2GIF2VOXEL/UI/PermissionCheckView.swift (in target 'RGB2GIF2VOXEL' from project 'RGB2GIF2VOXEL')
    cd /Users/daniel/Documents/RGB2GIF2VOXEL
    
/Users/daniel/Documents/RGB2GIF2VOXEL/RGB2GIF2VOXEL/UI/MainCaptureView.swift:15:43: warning: 'AVCaptureVideoOrientation' was deprecated in iOS 17.0: Use AVCaptureDeviceRotationCoordinator instead
    @State private var videoOrientation = AVCaptureVideoOrientation.portrait
                                          ^

SwiftCompile normal arm64 /Users/daniel/Documents/RGB2GIF2VOXEL/RGB2GIF2VOXEL/UI/SettingsView.swift (in target 'RGB2GIF2VOXEL' from project 'RGB2GIF2VOXEL')
    cd /Users/daniel/Documents/RGB2GIF2VOXEL
    
/Users/daniel/Documents/RGB2GIF2VOXEL/RGB2GIF2VOXEL/UI/MainCaptureView.swift:15:43: warning: 'AVCaptureVideoOrientation' was deprecated in iOS 17.0: Use AVCaptureDeviceRotationCoordinator instead
    @State private var videoOrientation = AVCaptureVideoOrientation.portrait
                                          ^

SwiftCompile normal arm64 /Users/daniel/Documents/RGB2GIF2VOXEL/RGB2GIF2VOXEL/Views/CameraPreviewRepresentable.swift (in target 'RGB2GIF2VOXEL' from project 'RGB2GIF2VOXEL')
    cd /Users/daniel/Documents/RGB2GIF2VOXEL
    
/Users/daniel/Documents/RGB2GIF2VOXEL/RGB2GIF2VOXEL/UI/MainCaptureView.swift:15:43: warning: 'AVCaptureVideoOrientation' was deprecated in iOS 17.0: Use AVCaptureDeviceRotationCoordinator instead
    @State private var videoOrientation = AVCaptureVideoOrientation.portrait
                                          ^

SwiftEmitModule normal arm64 Emitting\ module\ for\ RGB2GIF2VOXEL (in target 'RGB2GIF2VOXEL' from project 'RGB2GIF2VOXEL')

EmitSwiftModule normal arm64 (in target 'RGB2GIF2VOXEL' from project 'RGB2GIF2VOXEL')
    cd /Users/daniel/Documents/RGB2GIF2VOXEL
    
/Users/daniel/Documents/RGB2GIF2VOXEL/RGB2GIF2VOXEL/Models/CaptureConfiguration.swift:66:42: warning: 'AVCaptureVideoOrientation' was deprecated in iOS 17.0: Use AVCaptureDeviceRotationCoordinator instead
    public static let videoOrientation = AVCaptureVideoOrientation.portrait
                                         ^
/Users/daniel/Documents/RGB2GIF2VOXEL/RGB2GIF2VOXEL/Pipeline/CubeProcessor.swift:17:30: warning: call to main actor-isolated initializer 'init()' in a synchronous actor-isolated context
    private let frameSaver = FrameSaver()
                             ^
/Users/daniel/Documents/RGB2GIF2VOXEL/RGB2GIF2VOXEL/Pipeline/FrameSaver.swift:14:20: note: calls to initializer 'init()' from outside of its actor context are implicitly asynchronous
public final class FrameSaver {
                   ^
/Users/daniel/Documents/RGB2GIF2VOXEL/RGB2GIF2VOXEL/Pipeline/CubeProcessor.swift:18:33: warning: call to main actor-isolated initializer 'init()' in a synchronous actor-isolated context
    private let rustProcessor = RustProcessor()
                                ^
/Users/daniel/Documents/RGB2GIF2VOXEL/RGB2GIF2VOXEL/Bridge/CanonicalRustFFI.swift:34:20: note: calls to initializer 'init()' from outside of its actor context are implicitly asynchronous
public final class RustProcessor {
                   ^
/Users/daniel/Documents/RGB2GIF2VOXEL/RGB2GIF2VOXEL/Pipeline/SafeCubeProcessor.swift:18:33: warning: call to main actor-isolated initializer 'init()' in a synchronous actor-isolated context
    private let rustProcessor = RustProcessor()
                                ^
/Users/daniel/Documents/RGB2GIF2VOXEL/RGB2GIF2VOXEL/Bridge/CanonicalRustFFI.swift:34:20: note: calls to initializer 'init()' from outside of its actor context are implicitly asynchronous
public final class RustProcessor {
                   ^
/Users/daniel/Documents/RGB2GIF2VOXEL/RGB2GIF2VOXEL/Pipeline/SafeCubeProcessor.swift:25:27: warning: call to main actor-isolated initializer 'init()' in a synchronous nonisolated context
        self.frameSaver = FrameSaver()
                          ^
/Users/daniel/Documents/RGB2GIF2VOXEL/RGB2GIF2VOXEL/Pipeline/FrameSaver.swift:14:20: note: calls to initializer 'init()' from outside of its actor context are implicitly asynchronous
public final class FrameSaver {
                   ^
/Users/daniel/Documents/RGB2GIF2VOXEL/RGB2GIF2VOXEL/UI/CameraPreview.swift:14:36: warning: 'AVCaptureVideoOrientation' was deprecated in iOS 17.0: Use AVCaptureDeviceRotationCoordinator instead
    @Binding var videoOrientation: AVCaptureVideoOrientation
                                   ^
/Users/daniel/Documents/RGB2GIF2VOXEL/RGB2GIF2VOXEL/UI/CameraPreview.swift:68:27: warning: 'AVCaptureVideoOrientation' was deprecated in iOS 17.0: Use AVCaptureDeviceRotationCoordinator instead
    var videoOrientation: AVCaptureVideoOrientation {
                          ^
/Users/daniel/Documents/RGB2GIF2VOXEL/RGB2GIF2VOXEL/UI/MainCaptureView.swift:15:43: warning: 'AVCaptureVideoOrientation' was deprecated in iOS 17.0: Use AVCaptureDeviceRotationCoordinator instead
    @State private var videoOrientation = AVCaptureVideoOrientation.portrait
                                          ^

SwiftCompile normal arm64 Compiling\ VImageDownsampler.swift,\ MinimalPerformanceTest.swift,\ PerformanceTestRunner.swift,\ CameraPreview.swift /Users/daniel/Documents/RGB2GIF2VOXEL/RGB2GIF2VOXEL/Pipeline/VImageDownsampler.swift /Users/daniel/Documents/RGB2GIF2VOXEL/RGB2GIF2VOXEL/Testing/MinimalPerformanceTest.swift /Users/daniel/Documents/RGB2GIF2VOXEL/RGB2GIF2VOXEL/Testing/PerformanceTestRunner.swift /Users/daniel/Documents/RGB2GIF2VOXEL/RGB2GIF2VOXEL/UI/CameraPreview.swift (in target 'RGB2GIF2VOXEL' from project 'RGB2GIF2VOXEL')

SwiftCompile normal arm64 /Users/daniel/Documents/RGB2GIF2VOXEL/RGB2GIF2VOXEL/Pipeline/VImageDownsampler.swift (in target 'RGB2GIF2VOXEL' from project 'RGB2GIF2VOXEL')
    cd /Users/daniel/Documents/RGB2GIF2VOXEL
    
/Users/daniel/Documents/RGB2GIF2VOXEL/RGB2GIF2VOXEL/Pipeline/VImageDownsampler.swift:157:47: warning: main actor-isolated static method 'downsample(_:from:to:)' cannot be called from outside of the actor; this is an error in the Swift 6 language mode
                        let downsampled = try downsample(frame, from: fromSize, to: toSize)
                                          ~~~~^~~~~~~~~~~~~~~~~~~~~~~~~~~~~~~~~~~~~~~~~~~~~
                                              await 

SwiftCompile normal arm64 /Users/daniel/Documents/RGB2GIF2VOXEL/RGB2GIF2VOXEL/Testing/MinimalPerformanceTest.swift (in target 'RGB2GIF2VOXEL' from project 'RGB2GIF2VOXEL')
    cd /Users/daniel/Documents/RGB2GIF2VOXEL
    
/Users/daniel/Documents/RGB2GIF2VOXEL/RGB2GIF2VOXEL/Pipeline/VImageDownsampler.swift:157:47: warning: main actor-isolated static method 'downsample(_:from:to:)' cannot be called from outside of the actor; this is an error in the Swift 6 language mode
                        let downsampled = try downsample(frame, from: fromSize, to: toSize)
                                          ~~~~^~~~~~~~~~~~~~~~~~~~~~~~~~~~~~~~~~~~~~~~~~~~~
                                              await 

SwiftCompile normal arm64 /Users/daniel/Documents/RGB2GIF2VOXEL/RGB2GIF2VOXEL/Testing/PerformanceTestRunner.swift (in target 'RGB2GIF2VOXEL' from project 'RGB2GIF2VOXEL')
    cd /Users/daniel/Documents/RGB2GIF2VOXEL
    
/Users/daniel/Documents/RGB2GIF2VOXEL/RGB2GIF2VOXEL/Pipeline/VImageDownsampler.swift:157:47: warning: main actor-isolated static method 'downsample(_:from:to:)' cannot be called from outside of the actor; this is an error in the Swift 6 language mode
                        let downsampled = try downsample(frame, from: fromSize, to: toSize)
                                          ~~~~^~~~~~~~~~~~~~~~~~~~~~~~~~~~~~~~~~~~~~~~~~~~~
                                              await 

SwiftCompile normal arm64 /Users/daniel/Documents/RGB2GIF2VOXEL/RGB2GIF2VOXEL/UI/CameraPreview.swift (in target 'RGB2GIF2VOXEL' from project 'RGB2GIF2VOXEL')
    cd /Users/daniel/Documents/RGB2GIF2VOXEL
    
/Users/daniel/Documents/RGB2GIF2VOXEL/RGB2GIF2VOXEL/Pipeline/VImageDownsampler.swift:157:47: warning: main actor-isolated static method 'downsample(_:from:to:)' cannot be called from outside of the actor; this is an error in the Swift 6 language mode
                        let downsampled = try downsample(frame, from: fromSize, to: toSize)
                                          ~~~~^~~~~~~~~~~~~~~~~~~~~~~~~~~~~~~~~~~~~~~~~~~~~
                                              await 
/Users/daniel/Documents/RGB2GIF2VOXEL/RGB2GIF2VOXEL/UI/CameraPreview.swift:14:36: warning: 'AVCaptureVideoOrientation' was deprecated in iOS 17.0: Use AVCaptureDeviceRotationCoordinator instead
    @Binding var videoOrientation: AVCaptureVideoOrientation
                                   ^
/Users/daniel/Documents/RGB2GIF2VOXEL/RGB2GIF2VOXEL/UI/CameraPreview.swift:68:27: warning: 'AVCaptureVideoOrientation' was deprecated in iOS 17.0: Use AVCaptureDeviceRotationCoordinator instead
    var videoOrientation: AVCaptureVideoOrientation {
                          ^
/Users/daniel/Documents/RGB2GIF2VOXEL/RGB2GIF2VOXEL/UI/CameraPreview.swift:23:24: warning: 'videoOrientation' was deprecated in iOS 17.0: Use -videoRotationAngle instead
            connection.videoOrientation = videoOrientation
                       ^
/Users/daniel/Documents/RGB2GIF2VOXEL/RGB2GIF2VOXEL/UI/CameraPreview.swift:38:24: warning: 'videoOrientation' was deprecated in iOS 17.0: Use -videoRotationAngle instead
            connection.videoOrientation = videoOrientation
                       ^

SwiftCompile normal arm64 Compiling\ CubeTensorVoxelExtensions.swift,\ VoxelRenderEngine.swift,\ VoxelViewerView.swift /Users/daniel/Documents/RGB2GIF2VOXEL/RGB2GIF2VOXEL/Voxel/CubeTensorVoxelExtensions.swift /Users/daniel/Documents/RGB2GIF2VOXEL/RGB2GIF2VOXEL/Voxel/VoxelRenderEngine.swift /Users/daniel/Documents/RGB2GIF2VOXEL/RGB2GIF2VOXEL/Voxel/VoxelViewerView.swift (in target 'RGB2GIF2VOXEL' from project 'RGB2GIF2VOXEL')

SwiftCompile normal arm64 /Users/daniel/Documents/RGB2GIF2VOXEL/RGB2GIF2VOXEL/Voxel/CubeTensorVoxelExtensions.swift (in target 'RGB2GIF2VOXEL' from project 'RGB2GIF2VOXEL')
    cd /Users/daniel/Documents/RGB2GIF2VOXEL
    

SwiftCompile normal arm64 /Users/daniel/Documents/RGB2GIF2VOXEL/RGB2GIF2VOXEL/Voxel/VoxelRenderEngine.swift (in target 'RGB2GIF2VOXEL' from project 'RGB2GIF2VOXEL')
    cd /Users/daniel/Documents/RGB2GIF2VOXEL
    

SwiftCompile normal arm64 /Users/daniel/Documents/RGB2GIF2VOXEL/RGB2GIF2VOXEL/Voxel/VoxelViewerView.swift (in target 'RGB2GIF2VOXEL' from project 'RGB2GIF2VOXEL')
    cd /Users/daniel/Documents/RGB2GIF2VOXEL
    

SwiftDriverJobDiscovery normal arm64 Compiling CanonicalRustFFI.swift, GIF89aEncoderStub.swift, RustFFI.swift, UIUXArchitectureSummary.swift (in target 'RGB2GIF2VOXEL' from project 'RGB2GIF2VOXEL')

SwiftDriverJobDiscovery normal arm64 Compiling PermissionCheckView.swift, SettingsView.swift, CameraPreviewRepresentable.swift (in target 'RGB2GIF2VOXEL' from project 'RGB2GIF2VOXEL')

SwiftCompile normal arm64 Compiling\ ContentView.swift /Users/daniel/Documents/RGB2GIF2VOXEL/RGB2GIF2VOXEL/ContentView.swift (in target 'RGB2GIF2VOXEL' from project 'RGB2GIF2VOXEL')

SwiftCompile normal arm64 /Users/daniel/Documents/RGB2GIF2VOXEL/RGB2GIF2VOXEL/ContentView.swift (in target 'RGB2GIF2VOXEL' from project 'RGB2GIF2VOXEL')
    cd /Users/daniel/Documents/RGB2GIF2VOXEL
    

SwiftDriverJobDiscovery normal arm64 Compiling MockRustProcessor.swift, PipelineValidator.swift, Data+Compression.swift, DataExtensions.swift (in target 'RGB2GIF2VOXEL' from project 'RGB2GIF2VOXEL')

SwiftCompile normal arm64 Compiling\ RGB2GIF2VOXELApp.swift /Users/daniel/Documents/RGB2GIF2VOXEL/RGB2GIF2VOXEL/RGB2GIF2VOXELApp.swift (in target 'RGB2GIF2VOXEL' from project 'RGB2GIF2VOXEL')

SwiftCompile normal arm64 /Users/daniel/Documents/RGB2GIF2VOXEL/RGB2GIF2VOXEL/RGB2GIF2VOXELApp.swift (in target 'RGB2GIF2VOXEL' from project 'RGB2GIF2VOXEL')
    cd /Users/daniel/Documents/RGB2GIF2VOXEL
    

SwiftCompile normal arm64 Compiling\ GeneratedAssetSymbols.swift /Users/daniel/Documents/RGB2GIF2VOXEL/build/Build/Intermediates.noindex/RGB2GIF2VOXEL.build/Debug-iphoneos/RGB2GIF2VOXEL.build/DerivedSources/GeneratedAssetSymbols.swift (in target 'RGB2GIF2VOXEL' from project 'RGB2GIF2VOXEL')

SwiftCompile normal arm64 /Users/daniel/Documents/RGB2GIF2VOXEL/build/Build/Intermediates.noindex/RGB2GIF2VOXEL.build/Debug-iphoneos/RGB2GIF2VOXEL.build/DerivedSources/GeneratedAssetSymbols.swift (in target 'RGB2GIF2VOXEL' from project 'RGB2GIF2VOXEL')
    cd /Users/daniel/Documents/RGB2GIF2VOXEL
    

SwiftDriverJobDiscovery normal arm64 Compiling PerformanceLogger.swift, CaptureConfiguration.swift, CaptureError.swift, CubeTensorData.swift (in target 'RGB2GIF2VOXEL' from project 'RGB2GIF2VOXEL')

SwiftDriverJobDiscovery normal arm64 Emitting module for RGB2GIF2VOXEL (in target 'RGB2GIF2VOXEL' from project 'RGB2GIF2VOXEL')

SwiftDriver\ Compilation\ Requirements RGB2GIF2VOXEL normal arm64 com.apple.xcode.tools.swift.compiler (in target 'RGB2GIF2VOXEL' from project 'RGB2GIF2VOXEL')
    cd /Users/daniel/Documents/RGB2GIF2VOXEL
    builtin-Swift-Compilation-Requirements -- /Applications/Xcode.app/Contents/Developer/Toolchains/XcodeDefault.xctoolchain/usr/bin/swiftc -module-name RGB2GIF2VOXEL -Onone -enforce-exclusivity\=checked @/Users/daniel/Documents/RGB2GIF2VOXEL/build/Build/Intermediates.noindex/RGB2GIF2VOXEL.build/Debug-iphoneos/RGB2GIF2VOXEL.build/Objects-normal/arm64/RGB2GIF2VOXEL.SwiftFileList -DDEBUG -default-isolation\=MainActor -enable-bare-slash-regex -enable-upcoming-feature DisableOutwardActorInference -enable-upcoming-feature InferSendableFromCaptures -enable-upcoming-feature GlobalActorIsolatedTypesUsability -enable-upcoming-feature MemberImportVisibility -enable-upcoming-feature InferIsolatedConformances -enable-upcoming-feature NonisolatedNonsendingByDefault -enable-experimental-feature DebugDescriptionMacro -sdk /Applications/Xcode.app/Contents/Developer/Platforms/iPhoneOS.platform/Developer/SDKs/iPhoneOS26.0.sdk -target arm64-apple-ios26.0 -g -module-cache-path /Users/daniel/Documents/RGB2GIF2VOXEL/build/ModuleCache.noindex -Xfrontend -serialize-debugging-options -enable-testing -index-store-path /Users/daniel/Documents/RGB2GIF2VOXEL/build/Index.noindex/DataStore -Xcc -D_LIBCPP_HARDENING_MODE\=_LIBCPP_HARDENING_MODE_DEBUG -swift-version 5 -I /Users/daniel/Documents/RGB2GIF2VOXEL/build/Build/Products/Debug-iphoneos -F /Users/daniel/Documents/RGB2GIF2VOXEL/build/Build/Products/Debug-iphoneos -emit-localized-strings -emit-localized-strings-path /Users/daniel/Documents/RGB2GIF2VOXEL/build/Build/Intermediates.noindex/RGB2GIF2VOXEL.build/Debug-iphoneos/RGB2GIF2VOXEL.build/Objects-normal/arm64 -c -j14 -enable-batch-mode -incremental -Xcc -ivfsstatcache -Xcc /Users/daniel/Documents/RGB2GIF2VOXEL/build/SDKStatCaches.noindex/iphoneos26.0-23A339-81ce72e5b06c9602b9d30b56f2eed08a.sdkstatcache -output-file-map /Users/daniel/Documents/RGB2GIF2VOXEL/build/Build/Intermediates.noindex/RGB2GIF2VOXEL.build/Debug-iphoneos/RGB2GIF2VOXEL.build/Objects-normal/arm64/RGB2GIF2VOXEL-OutputFileMap.json -use-frontend-parseable-output -save-temps -no-color-diagnostics -explicit-module-build -module-cache-path /Users/daniel/Documents/RGB2GIF2VOXEL/build/Build/Intermediates.noindex/SwiftExplicitPrecompiledModules -clang-scanner-module-cache-path /Users/daniel/Documents/RGB2GIF2VOXEL/build/ModuleCache.noindex -sdk-module-cache-path /Users/daniel/Documents/RGB2GIF2VOXEL/build/ModuleCache.noindex -serialize-diagnostics -emit-dependencies -emit-module -emit-module-path /Users/daniel/Documents/RGB2GIF2VOXEL/build/Build/Intermediates.noindex/RGB2GIF2VOXEL.build/Debug-iphoneos/RGB2GIF2VOXEL.build/Objects-normal/arm64/RGB2GIF2VOXEL.swiftmodule -validate-clang-modules-once -clang-build-session-file /Users/daniel/Documents/RGB2GIF2VOXEL/build/ModuleCache.noindex/Session.modulevalidation -Xcc -I/Users/daniel/Documents/RGB2GIF2VOXEL/build/Build/Intermediates.noindex/RGB2GIF2VOXEL.build/Debug-iphoneos/RGB2GIF2VOXEL.build/swift-overrides.hmap -emit-const-values -Xfrontend -const-gather-protocols-file -Xfrontend /Users/daniel/Documents/RGB2GIF2VOXEL/build/Build/Intermediates.noindex/RGB2GIF2VOXEL.build/Debug-iphoneos/RGB2GIF2VOXEL.build/Objects-normal/arm64/RGB2GIF2VOXEL_const_extract_protocols.json -Xcc -iquote -Xcc /Users/daniel/Documents/RGB2GIF2VOXEL/build/Build/Intermediates.noindex/RGB2GIF2VOXEL.build/Debug-iphoneos/RGB2GIF2VOXEL.build/RGB2GIF2VOXEL-generated-files.hmap -Xcc -I/Users/daniel/Documents/RGB2GIF2VOXEL/build/Build/Intermediates.noindex/RGB2GIF2VOXEL.build/Debug-iphoneos/RGB2GIF2VOXEL.build/RGB2GIF2VOXEL-own-target-headers.hmap -Xcc -I/Users/daniel/Documents/RGB2GIF2VOXEL/build/Build/Intermediates.noindex/RGB2GIF2VOXEL.build/Debug-iphoneos/RGB2GIF2VOXEL.build/RGB2GIF2VOXEL-all-target-headers.hmap -Xcc -iquote -Xcc /Users/daniel/Documents/RGB2GIF2VOXEL/build/Build/Intermediates.noindex/RGB2GIF2VOXEL.build/Debug-iphoneos/RGB2GIF2VOXEL.build/RGB2GIF2VOXEL-project-headers.hmap -Xcc -I/Users/daniel/Documents/RGB2GIF2VOXEL/build/Build/Products/Debug-iphoneos/include -Xcc -I/Users/daniel/Documents/RGB2GIF2VOXEL/build/Build/Intermediates.noindex/RGB2GIF2VOXEL.build/Debug-iphoneos/RGB2GIF2VOXEL.build/DerivedSources-normal/arm64 -Xcc -I/Users/daniel/Documents/RGB2GIF2VOXEL/build/Build/Intermediates.noindex/RGB2GIF2VOXEL.build/Debug-iphoneos/RGB2GIF2VOXEL.build/DerivedSources/arm64 -Xcc -I/Users/daniel/Documents/RGB2GIF2VOXEL/build/Build/Intermediates.noindex/RGB2GIF2VOXEL.build/Debug-iphoneos/RGB2GIF2VOXEL.build/DerivedSources -Xcc -DDEBUG\=1 -emit-objc-header -emit-objc-header-path /Users/daniel/Documents/RGB2GIF2VOXEL/build/Build/Intermediates.noindex/RGB2GIF2VOXEL.build/Debug-iphoneos/RGB2GIF2VOXEL.build/Objects-normal/arm64/RGB2GIF2VOXEL-Swift.h -working-directory /Users/daniel/Documents/RGB2GIF2VOXEL -experimental-emit-module-separately -disable-cmo

SwiftDriverJobDiscovery normal arm64 Compiling CubePolicy.swift, CubeTensor.swift, FixedCameraManager.swift, OptimizedCameraProcessor.swift (in target 'RGB2GIF2VOXEL' from project 'RGB2GIF2VOXEL')

SwiftDriverJobDiscovery normal arm64 Compiling ContentView.swift (in target 'RGB2GIF2VOXEL' from project 'RGB2GIF2VOXEL')

SwiftDriverJobDiscovery normal arm64 Compiling VImageDownsampler.swift, MinimalPerformanceTest.swift, PerformanceTestRunner.swift, CameraPreview.swift (in target 'RGB2GIF2VOXEL' from project 'RGB2GIF2VOXEL')

SwiftDriverJobDiscovery normal arm64 Compiling RGB2GIF2VOXELApp.swift (in target 'RGB2GIF2VOXEL' from project 'RGB2GIF2VOXEL')

Copy /Users/daniel/Documents/RGB2GIF2VOXEL/build/Build/Products/Debug-iphoneos/RGB2GIF2VOXEL.swiftmodule/arm64-apple-ios.swiftmodule /Users/daniel/Documents/RGB2GIF2VOXEL/build/Build/Intermediates.noindex/RGB2GIF2VOXEL.build/Debug-iphoneos/RGB2GIF2VOXEL.build/Objects-normal/arm64/RGB2GIF2VOXEL.swiftmodule (in target 'RGB2GIF2VOXEL' from project 'RGB2GIF2VOXEL')
    cd /Users/daniel/Documents/RGB2GIF2VOXEL
    builtin-copy -exclude .DS_Store -exclude CVS -exclude .svn -exclude .git -exclude .hg -resolve-src-symlinks -rename /Users/daniel/Documents/RGB2GIF2VOXEL/build/Build/Intermediates.noindex/RGB2GIF2VOXEL.build/Debug-iphoneos/RGB2GIF2VOXEL.build/Objects-normal/arm64/RGB2GIF2VOXEL.swiftmodule /Users/daniel/Documents/RGB2GIF2VOXEL/build/Build/Products/Debug-iphoneos/RGB2GIF2VOXEL.swiftmodule/arm64-apple-ios.swiftmodule

Copy /Users/daniel/Documents/RGB2GIF2VOXEL/build/Build/Products/Debug-iphoneos/RGB2GIF2VOXEL.swiftmodule/arm64-apple-ios.abi.json /Users/daniel/Documents/RGB2GIF2VOXEL/build/Build/Intermediates.noindex/RGB2GIF2VOXEL.build/Debug-iphoneos/RGB2GIF2VOXEL.build/Objects-normal/arm64/RGB2GIF2VOXEL.abi.json (in target 'RGB2GIF2VOXEL' from project 'RGB2GIF2VOXEL')
    cd /Users/daniel/Documents/RGB2GIF2VOXEL
    builtin-copy -exclude .DS_Store -exclude CVS -exclude .svn -exclude .git -exclude .hg -resolve-src-symlinks -rename /Users/daniel/Documents/RGB2GIF2VOXEL/build/Build/Intermediates.noindex/RGB2GIF2VOXEL.build/Debug-iphoneos/RGB2GIF2VOXEL.build/Objects-normal/arm64/RGB2GIF2VOXEL.abi.json /Users/daniel/Documents/RGB2GIF2VOXEL/build/Build/Products/Debug-iphoneos/RGB2GIF2VOXEL.swiftmodule/arm64-apple-ios.abi.json

Copy /Users/daniel/Documents/RGB2GIF2VOXEL/build/Build/Products/Debug-iphoneos/RGB2GIF2VOXEL.swiftmodule/arm64-apple-ios.swiftdoc /Users/daniel/Documents/RGB2GIF2VOXEL/build/Build/Intermediates.noindex/RGB2GIF2VOXEL.build/Debug-iphoneos/RGB2GIF2VOXEL.build/Objects-normal/arm64/RGB2GIF2VOXEL.swiftdoc (in target 'RGB2GIF2VOXEL' from project 'RGB2GIF2VOXEL')
    cd /Users/daniel/Documents/RGB2GIF2VOXEL
    builtin-copy -exclude .DS_Store -exclude CVS -exclude .svn -exclude .git -exclude .hg -resolve-src-symlinks -rename /Users/daniel/Documents/RGB2GIF2VOXEL/build/Build/Intermediates.noindex/RGB2GIF2VOXEL.build/Debug-iphoneos/RGB2GIF2VOXEL.build/Objects-normal/arm64/RGB2GIF2VOXEL.swiftdoc /Users/daniel/Documents/RGB2GIF2VOXEL/build/Build/Products/Debug-iphoneos/RGB2GIF2VOXEL.swiftmodule/arm64-apple-ios.swiftdoc

Copy /Users/daniel/Documents/RGB2GIF2VOXEL/build/Build/Products/Debug-iphoneos/RGB2GIF2VOXEL.swiftmodule/Project/arm64-apple-ios.swiftsourceinfo /Users/daniel/Documents/RGB2GIF2VOXEL/build/Build/Intermediates.noindex/RGB2GIF2VOXEL.build/Debug-iphoneos/RGB2GIF2VOXEL.build/Objects-normal/arm64/RGB2GIF2VOXEL.swiftsourceinfo (in target 'RGB2GIF2VOXEL' from project 'RGB2GIF2VOXEL')
    cd /Users/daniel/Documents/RGB2GIF2VOXEL
    builtin-copy -exclude .DS_Store -exclude CVS -exclude .svn -exclude .git -exclude .hg -resolve-src-symlinks -rename /Users/daniel/Documents/RGB2GIF2VOXEL/build/Build/Intermediates.noindex/RGB2GIF2VOXEL.build/Debug-iphoneos/RGB2GIF2VOXEL.build/Objects-normal/arm64/RGB2GIF2VOXEL.swiftsourceinfo /Users/daniel/Documents/RGB2GIF2VOXEL/build/Build/Products/Debug-iphoneos/RGB2GIF2VOXEL.swiftmodule/Project/arm64-apple-ios.swiftsourceinfo

SwiftDriverJobDiscovery normal arm64 Compiling GeneratedAssetSymbols.swift (in target 'RGB2GIF2VOXEL' from project 'RGB2GIF2VOXEL')

SwiftDriverJobDiscovery normal arm64 Compiling DeviceFormat.swift, Downsampler.swift, WebViewBridge.swift, WKWebViewController.swift (in target 'RGB2GIF2VOXEL' from project 'RGB2GIF2VOXEL')

SwiftDriverJobDiscovery normal arm64 Compiling YinGifProcessor.swift, BGRACameraManager.swift, CaptureToGIFPipeline.swift, Cube256Config.swift (in target 'RGB2GIF2VOXEL' from project 'RGB2GIF2VOXEL')

SwiftDriverJobDiscovery normal arm64 Compiling CaptureCoordinator.swift, CubeProcessor.swift, FrameSaver.swift, SafeCubeProcessor.swift (in target 'RGB2GIF2VOXEL' from project 'RGB2GIF2VOXEL')

** BUILD FAILED **


The following build commands failed:
	SwiftCompile normal arm64 Compiling\ ErrorHandlingView.swift,\ GalleryView.swift,\ MainCaptureView.swift /Users/daniel/Documents/RGB2GIF2VOXEL/RGB2GIF2VOXEL/UI/ErrorHandlingView.swift /Users/daniel/Documents/RGB2GIF2VOXEL/RGB2GIF2VOXEL/UI/GalleryView.swift /Users/daniel/Documents/RGB2GIF2VOXEL/RGB2GIF2VOXEL/UI/MainCaptureView.swift (in target 'RGB2GIF2VOXEL' from project 'RGB2GIF2VOXEL')
	SwiftCompile normal arm64 /Users/daniel/Documents/RGB2GIF2VOXEL/RGB2GIF2VOXEL/UI/MainCaptureView.swift (in target 'RGB2GIF2VOXEL' from project 'RGB2GIF2VOXEL')
	Building project RGB2GIF2VOXEL with scheme RGB2GIF2VOXEL and configuration Debug
(3 failures)
